Fri May 22 10:30:11 EDT 2026 | iter=1 added=1 total=129
Fri May 22 10:33:35 EDT 2026 | iter=2 added=2 total=130
Fri May 22 10:37:15 EDT 2026 | iter=3 added=3 total=131
Fri May 22 10:42:01 EDT 2026 | iter=4 added=4 total=132
Fri May 22 10:45:38 EDT 2026 | iter=5 added=5 total=133
Fri May 22 10:49:50 EDT 2026 | iter=6 added=6 total=134
Fri May 22 10:53:54 EDT 2026 | iter=7 added=7 total=135
Fri May 22 11:21:35 EDT 2026 | [americas-atlantic] iter=1 added=1 total=137
Fri May 22 11:22:12 EDT 2026 | [indo-pacific] iter=1 added=1 total=138
Fri May 22 11:23:24 EDT 2026 | [indian-med-africa] iter=1 added=1 total=139
Fri May 22 11:25:30 EDT 2026 | [americas-atlantic] iter=2 added=2 total=140
Fri May 22 11:26:01 EDT 2026 | [indo-pacific] iter=2 added=2 total=141
Fri May 22 11:27:35 EDT 2026 | [indian-med-africa] iter=2 added=2 total=142
Fri May 22 11:28:58 EDT 2026 | [americas-atlantic] iter=3 added=3 total=143
Fri May 22 11:29:28 EDT 2026 | [indo-pacific] iter=3 added=3 total=144
Fri May 22 11:32:10 EDT 2026 | [indo-pacific] iter=4 added=4 total=145
Fri May 22 11:32:53 EDT 2026 | [americas-atlantic] iter=4 added=4 total=146
Fri May 22 11:33:18 EDT 2026 | [indian-med-africa] iter=3 added=3 total=147
Fri May 22 11:37:38 EDT 2026 | [americas-atlantic] iter=5 added=5 total=148
Fri May 22 11:38:20 EDT 2026 | [indo-pacific] iter=5 added=5 total=149
Fri May 22 11:39:14 EDT 2026 | [indian-med-africa] iter=4 added=4 total=150
Fri May 22 11:41:13 EDT 2026 | [americas-atlantic] iter=6 added=6 total=151
Fri May 22 11:43:52 EDT 2026 | [indian-med-africa] iter=5 added=5 total=152
Fri May 22 11:43:59 EDT 2026 | [indo-pacific] iter=6 added=5 total=152
Fri May 22 11:44:46 EDT 2026 | [indian-med-africa] iter=6 added=5 total=152
Fri May 22 11:44:48 EDT 2026 | [indo-pacific] iter=7 added=5 total=152
Fri May 22 11:45:28 EDT 2026 | [americas-atlantic] iter=7 added=6 total=153
Fri May 22 11:45:35 EDT 2026 | [indian-med-africa] iter=7 added=5 total=153
Fri May 22 11:45:36 EDT 2026 | [indo-pacific] iter=8 added=5 total=153
Fri May 22 11:46:17 EDT 2026 | [americas-atlantic] iter=8 added=6 total=153
Fri May 22 11:46:23 EDT 2026 | [indian-med-africa] iter=8 added=5 total=153
Fri May 22 11:46:25 EDT 2026 | [indo-pacific] iter=9 added=5 total=153
Fri May 22 11:47:06 EDT 2026 | [americas-atlantic] iter=9 added=6 total=153
Fri May 22 11:47:13 EDT 2026 | [indian-med-africa] iter=9 added=5 total=153
Fri May 22 11:47:15 EDT 2026 | [indo-pacific] iter=10 added=5 total=153
Fri May 22 11:47:55 EDT 2026 | [americas-atlantic] iter=10 added=6 total=153
Fri May 22 11:48:02 EDT 2026 | [indian-med-africa] iter=10 added=5 total=153
Fri May 22 11:48:03 EDT 2026 | [indo-pacific] iter=11 added=5 total=153
Fri May 22 11:48:44 EDT 2026 | [americas-atlantic] iter=11 added=6 total=153
Fri May 22 11:48:51 EDT 2026 | [indo-pacific] iter=12 added=5 total=153
Fri May 22 11:48:51 EDT 2026 | [indian-med-africa] iter=11 added=5 total=153
Fri May 22 11:49:32 EDT 2026 | [americas-atlantic] iter=12 added=6 total=153
Fri May 22 11:49:38 EDT 2026 | [indian-med-africa] iter=12 added=5 total=153
Fri May 22 11:49:39 EDT 2026 | [indo-pacific] iter=13 added=5 total=153
Fri May 22 11:50:21 EDT 2026 | [americas-atlantic] iter=13 added=6 total=153
Fri May 22 11:50:27 EDT 2026 | [indian-med-africa] iter=13 added=5 total=153
Fri May 22 11:50:27 EDT 2026 | [indo-pacific] iter=14 added=5 total=153
Fri May 22 11:51:09 EDT 2026 | [americas-atlantic] iter=14 added=6 total=153
Fri May 22 11:51:15 EDT 2026 | [indo-pacific] iter=15 added=5 total=153
Fri May 22 11:51:15 EDT 2026 | [indian-med-africa] iter=14 added=5 total=153
Fri May 22 11:51:58 EDT 2026 | [americas-atlantic] iter=15 added=6 total=153
Fri May 22 11:52:03 EDT 2026 | [indian-med-africa] iter=15 added=5 total=153
Fri May 22 11:52:04 EDT 2026 | [indo-pacific] iter=16 added=5 total=153
Fri May 22 11:52:46 EDT 2026 | [americas-atlantic] iter=16 added=6 total=153
Fri May 22 11:52:51 EDT 2026 | [indian-med-africa] iter=16 added=5 total=153
Fri May 22 11:52:52 EDT 2026 | [indo-pacific] iter=17 added=5 total=153
Fri May 22 11:53:35 EDT 2026 | [americas-atlantic] iter=17 added=6 total=153
Fri May 22 11:53:39 EDT 2026 | [indian-med-africa] iter=17 added=5 total=153
Fri May 22 11:53:39 EDT 2026 | [indo-pacific] iter=18 added=5 total=153
Fri May 22 11:54:23 EDT 2026 | [americas-atlantic] iter=18 added=6 total=153
Fri May 22 11:54:27 EDT 2026 | [indian-med-africa] iter=18 added=5 total=153
Fri May 22 11:54:27 EDT 2026 | [indo-pacific] iter=19 added=5 total=153
Fri May 22 11:55:11 EDT 2026 | [americas-atlantic] iter=19 added=6 total=153
Fri May 22 11:55:15 EDT 2026 | [indo-pacific] iter=20 added=5 total=153
Fri May 22 11:55:15 EDT 2026 | [indian-med-africa] iter=19 added=5 total=153
Fri May 22 11:55:59 EDT 2026 | [americas-atlantic] iter=20 added=6 total=153
Fri May 22 11:56:04 EDT 2026 | [indo-pacific] iter=21 added=5 total=153
Fri May 22 11:56:04 EDT 2026 | [indian-med-africa] iter=20 added=5 total=153
Fri May 22 11:56:48 EDT 2026 | [americas-atlantic] iter=21 added=6 total=153
Fri May 22 11:56:52 EDT 2026 | [indo-pacific] iter=22 added=5 total=153
Fri May 22 11:56:52 EDT 2026 | [indian-med-africa] iter=21 added=5 total=153
Fri May 22 11:57:37 EDT 2026 | [americas-atlantic] iter=22 added=6 total=153
Fri May 22 11:57:41 EDT 2026 | [indian-med-africa] iter=22 added=5 total=153
Fri May 22 11:57:41 EDT 2026 | [indo-pacific] iter=23 added=5 total=153
Fri May 22 11:58:26 EDT 2026 | [americas-atlantic] iter=23 added=6 total=153
Fri May 22 11:58:31 EDT 2026 | [indian-med-africa] iter=23 added=5 total=153
Fri May 22 11:58:31 EDT 2026 | [indo-pacific] iter=24 added=5 total=153
Fri May 22 11:59:14 EDT 2026 | [americas-atlantic] iter=24 added=6 total=153
Fri May 22 11:59:20 EDT 2026 | [indian-med-africa] iter=24 added=5 total=153
Fri May 22 11:59:21 EDT 2026 | [indo-pacific] iter=25 added=5 total=153
Fri May 22 12:03:10 EDT 2026 | [indian-med-africa] iter=25 added=6 total=154
Fri May 22 12:04:36 EDT 2026 | [americas-atlantic] iter=25 added=7 total=155
Fri May 22 12:05:05 EDT 2026 | [indo-pacific] iter=26 added=5 total=156
Fri May 22 12:07:55 EDT 2026 | [indian-med-africa] iter=26 added=7 total=157
Fri May 22 12:09:38 EDT 2026 | [americas-atlantic] iter=26 added=8 total=158
Fri May 22 12:10:18 EDT 2026 | [indo-pacific] iter=27 added=5 total=158
Fri May 22 12:12:42 EDT 2026 | [indian-med-africa] iter=27 added=8 total=159
Fri May 22 12:15:25 EDT 2026 | [americas-atlantic] iter=27 added=8 total=159
Fri May 22 12:16:05 EDT 2026 | [indo-pacific] iter=28 added=5 total=160
Fri May 22 12:18:40 EDT 2026 | [indian-med-africa] iter=28 added=9 total=161
Fri May 22 12:20:29 EDT 2026 | [indo-pacific] iter=29 added=6 total=162
Fri May 22 12:21:04 EDT 2026 | [americas-atlantic] iter=28 added=8 total=163
Fri May 22 12:26:30 EDT 2026 | [indian-med-africa] iter=29 added=10 total=164
Fri May 22 12:28:13 EDT 2026 | [indo-pacific] iter=30 added=6 total=165
Fri May 22 12:31:46 EDT 2026 | [americas-atlantic] iter=29 added=9 total=166
Fri May 22 12:33:11 EDT 2026 | [indian-med-africa] iter=30 added=11 total=167
Fri May 22 12:34:29 EDT 2026 | [indo-pacific] iter=31 added=6 total=167
Fri May 22 12:39:27 EDT 2026 | [indian-med-africa] iter=31 added=12 total=168
Fri May 22 12:40:05 EDT 2026 | [americas-atlantic] iter=30 added=10 total=169
Fri May 22 12:40:20 EDT 2026 | [indo-pacific] iter=32 added=6 total=169
Fri May 22 12:45:16 EDT 2026 | [indian-med-africa] iter=32 added=13 total=170
Fri May 22 12:46:13 EDT 2026 | [americas-atlantic] iter=31 added=11 total=171
Fri May 22 12:47:00 EDT 2026 | [indo-pacific] iter=33 added=6 total=171
Fri May 22 12:50:28 EDT 2026 | [indian-med-africa] iter=33 added=13 total=171
Fri May 22 12:51:12 EDT 2026 | [americas-atlantic] iter=32 added=12 total=172
Fri May 22 12:53:09 EDT 2026 | [indo-pacific] iter=34 added=7 total=173
Fri May 22 12:54:56 EDT 2026 | [indian-med-africa] iter=34 added=14 total=174
Fri May 22 12:58:42 EDT 2026 | [americas-atlantic] iter=33 added=12 total=174
Fri May 22 12:59:14 EDT 2026 | [indo-pacific] iter=35 added=8 total=175
Fri May 22 13:00:26 EDT 2026 | [indian-med-africa] iter=35 added=15 total=176
Fri May 22 13:04:07 EDT 2026 | [americas-atlantic] iter=34 added=13 total=177
Fri May 22 13:05:24 EDT 2026 | [indian-med-africa] iter=36 added=16 total=178
Fri May 22 13:06:11 EDT 2026 | [indo-pacific] iter=36 added=8 total=178
Fri May 22 13:09:35 EDT 2026 | [indian-med-africa] iter=37 added=16 total=179
Fri May 22 13:09:37 EDT 2026 | [americas-atlantic] iter=35 added=13 total=179
Fri May 22 13:09:39 EDT 2026 | [indo-pacific] iter=37 added=8 total=179
Fri May 22 13:10:23 EDT 2026 | [indian-med-africa] iter=38 added=16 total=179
Fri May 22 13:10:25 EDT 2026 | [americas-atlantic] iter=36 added=13 total=179
Fri May 22 13:10:27 EDT 2026 | [indo-pacific] iter=38 added=8 total=179
Fri May 22 13:11:10 EDT 2026 | [indian-med-africa] iter=39 added=16 total=179
Fri May 22 13:11:13 EDT 2026 | [americas-atlantic] iter=37 added=13 total=179
Fri May 22 13:11:15 EDT 2026 | [indo-pacific] iter=39 added=8 total=179
Fri May 22 13:11:59 EDT 2026 | [indian-med-africa] iter=40 added=16 total=179
Fri May 22 13:12:01 EDT 2026 | [americas-atlantic] iter=38 added=13 total=179
Fri May 22 13:12:03 EDT 2026 | [indo-pacific] iter=40 added=8 total=179
Fri May 22 13:12:48 EDT 2026 | [indian-med-africa] iter=41 added=16 total=179
Fri May 22 13:12:48 EDT 2026 | [americas-atlantic] iter=39 added=13 total=179
Fri May 22 13:12:51 EDT 2026 | [indo-pacific] iter=41 added=8 total=179
Fri May 22 13:13:37 EDT 2026 | [americas-atlantic] iter=40 added=13 total=179
Fri May 22 13:13:37 EDT 2026 | [indian-med-africa] iter=42 added=16 total=179
Fri May 22 13:13:38 EDT 2026 | [indo-pacific] iter=42 added=8 total=179
Fri May 22 13:14:25 EDT 2026 | [indian-med-africa] iter=43 added=16 total=179
Fri May 22 13:14:25 EDT 2026 | [americas-atlantic] iter=41 added=13 total=179
Fri May 22 13:14:26 EDT 2026 | [indo-pacific] iter=43 added=8 total=179
Fri May 22 13:15:15 EDT 2026 | [indian-med-africa] iter=44 added=16 total=179
Fri May 22 13:15:15 EDT 2026 | [americas-atlantic] iter=42 added=13 total=179
Fri May 22 13:15:16 EDT 2026 | [indo-pacific] iter=44 added=8 total=179
Fri May 22 13:16:03 EDT 2026 | [americas-atlantic] iter=43 added=13 total=179
Fri May 22 13:16:03 EDT 2026 | [indian-med-africa] iter=45 added=16 total=179
Fri May 22 13:16:04 EDT 2026 | [indo-pacific] iter=45 added=8 total=179
Fri May 22 13:16:51 EDT 2026 | [indian-med-africa] iter=46 added=16 total=179
Fri May 22 13:16:52 EDT 2026 | [americas-atlantic] iter=44 added=13 total=179
Fri May 22 13:16:53 EDT 2026 | [indo-pacific] iter=46 added=8 total=179
Fri May 22 13:17:40 EDT 2026 | [indian-med-africa] iter=47 added=16 total=179
Fri May 22 13:17:41 EDT 2026 | [americas-atlantic] iter=45 added=13 total=179
Fri May 22 13:17:41 EDT 2026 | [indo-pacific] iter=47 added=8 total=179
Fri May 22 13:18:29 EDT 2026 | [indo-pacific] iter=48 added=8 total=179
Fri May 22 13:18:29 EDT 2026 | [americas-atlantic] iter=46 added=13 total=179
Fri May 22 13:18:29 EDT 2026 | [indian-med-africa] iter=48 added=16 total=179
Fri May 22 13:19:17 EDT 2026 | [indo-pacific] iter=49 added=8 total=179
Fri May 22 13:19:17 EDT 2026 | [indian-med-africa] iter=49 added=16 total=179
Fri May 22 13:19:18 EDT 2026 | [americas-atlantic] iter=47 added=13 total=179
Fri May 22 13:20:06 EDT 2026 | [indo-pacific] iter=50 added=8 total=179
Fri May 22 13:20:06 EDT 2026 | [americas-atlantic] iter=48 added=13 total=179
Fri May 22 13:20:07 EDT 2026 | [indian-med-africa] iter=50 added=16 total=179
Fri May 22 13:20:55 EDT 2026 | [americas-atlantic] iter=49 added=13 total=179
Fri May 22 13:20:55 EDT 2026 | [indian-med-africa] iter=51 added=16 total=179
Fri May 22 13:20:55 EDT 2026 | [indo-pacific] iter=51 added=8 total=179
Fri May 22 13:21:44 EDT 2026 | [indian-med-africa] iter=52 added=16 total=179
Fri May 22 13:21:44 EDT 2026 | [indo-pacific] iter=52 added=8 total=179
Fri May 22 13:21:44 EDT 2026 | [americas-atlantic] iter=50 added=13 total=179
Fri May 22 13:22:32 EDT 2026 | [indo-pacific] iter=53 added=8 total=179
Fri May 22 13:22:32 EDT 2026 | [americas-atlantic] iter=51 added=13 total=179
Fri May 22 13:22:32 EDT 2026 | [indian-med-africa] iter=53 added=16 total=179
Fri May 22 13:23:21 EDT 2026 | [indo-pacific] iter=54 added=8 total=179
Fri May 22 13:23:21 EDT 2026 | [indian-med-africa] iter=54 added=16 total=179
Fri May 22 13:23:22 EDT 2026 | [americas-atlantic] iter=52 added=13 total=179
Fri May 22 13:24:09 EDT 2026 | [indian-med-africa] iter=55 added=16 total=179
Fri May 22 13:24:10 EDT 2026 | [indo-pacific] iter=55 added=8 total=179
Fri May 22 13:24:10 EDT 2026 | [americas-atlantic] iter=53 added=13 total=179
Fri May 22 13:24:59 EDT 2026 | [indo-pacific] iter=56 added=8 total=179
Fri May 22 13:24:59 EDT 2026 | [indian-med-africa] iter=56 added=16 total=179
Fri May 22 13:24:59 EDT 2026 | [americas-atlantic] iter=54 added=13 total=179
Fri May 22 13:25:52 EDT 2026 | [indo-pacific] iter=57 added=8 total=179
Fri May 22 13:25:52 EDT 2026 | [americas-atlantic] iter=55 added=13 total=179
Fri May 22 13:25:53 EDT 2026 | [indian-med-africa] iter=57 added=16 total=179
Fri May 22 13:26:46 EDT 2026 | [americas-atlantic] iter=56 added=13 total=179
Fri May 22 13:26:46 EDT 2026 | [indian-med-africa] iter=58 added=16 total=179
Fri May 22 13:26:46 EDT 2026 | [indo-pacific] iter=58 added=8 total=179
Fri May 22 13:27:40 EDT 2026 | [indo-pacific] iter=59 added=8 total=179
Fri May 22 13:27:40 EDT 2026 | [americas-atlantic] iter=57 added=13 total=179
Fri May 22 13:27:40 EDT 2026 | [indian-med-africa] iter=59 added=16 total=179
Fri May 22 13:28:30 EDT 2026 | [indian-med-africa] iter=60 added=16 total=179
Fri May 22 13:28:30 EDT 2026 | [americas-atlantic] iter=58 added=13 total=179
Fri May 22 13:28:30 EDT 2026 | [indo-pacific] iter=60 added=8 total=179
Fri May 22 13:29:21 EDT 2026 | [americas-atlantic] iter=59 added=13 total=179
Fri May 22 13:29:21 EDT 2026 | [indo-pacific] iter=61 added=8 total=179
Fri May 22 13:29:21 EDT 2026 | [indian-med-africa] iter=61 added=16 total=179
Fri May 22 13:30:21 EDT 2026 | [indo-pacific] iter=62 added=8 total=179
Fri May 22 13:30:21 EDT 2026 | [americas-atlantic] iter=60 added=13 total=179
Fri May 22 13:30:21 EDT 2026 | [indian-med-africa] iter=62 added=16 total=179
Fri May 22 13:31:12 EDT 2026 | [indian-med-africa] iter=63 added=16 total=179
Fri May 22 13:31:12 EDT 2026 | [americas-atlantic] iter=61 added=13 total=179
Fri May 22 13:31:12 EDT 2026 | [indo-pacific] iter=63 added=8 total=179
Fri May 22 13:32:01 EDT 2026 | [americas-atlantic] iter=62 added=13 total=179
Fri May 22 13:32:01 EDT 2026 | [indian-med-africa] iter=64 added=16 total=179
Fri May 22 13:32:01 EDT 2026 | [indo-pacific] iter=64 added=8 total=179
Fri May 22 13:32:52 EDT 2026 | [americas-atlantic] iter=63 added=13 total=179
Fri May 22 13:32:52 EDT 2026 | [indian-med-africa] iter=65 added=16 total=179
Fri May 22 13:32:52 EDT 2026 | [indo-pacific] iter=65 added=8 total=179
Fri May 22 13:33:43 EDT 2026 | [indian-med-africa] iter=66 added=16 total=179
Fri May 22 13:33:43 EDT 2026 | [indo-pacific] iter=66 added=8 total=179
Fri May 22 13:33:43 EDT 2026 | [americas-atlantic] iter=64 added=13 total=179
Fri May 22 13:34:33 EDT 2026 | [indian-med-africa] iter=67 added=16 total=179
Fri May 22 13:34:33 EDT 2026 | [americas-atlantic] iter=65 added=13 total=179
Fri May 22 13:34:33 EDT 2026 | [indo-pacific] iter=67 added=8 total=179
Fri May 22 13:35:23 EDT 2026 | [indo-pacific] iter=68 added=8 total=179
Fri May 22 13:35:23 EDT 2026 | [americas-atlantic] iter=66 added=13 total=179
Fri May 22 13:35:23 EDT 2026 | [indian-med-africa] iter=68 added=16 total=179
Fri May 22 13:36:14 EDT 2026 | [indian-med-africa] iter=69 added=16 total=179
Fri May 22 13:36:14 EDT 2026 | [indo-pacific] iter=69 added=8 total=179
Fri May 22 13:36:14 EDT 2026 | [americas-atlantic] iter=67 added=13 total=179
Fri May 22 13:37:04 EDT 2026 | [americas-atlantic] iter=68 added=13 total=179
Fri May 22 13:37:04 EDT 2026 | [indian-med-africa] iter=70 added=16 total=179
Fri May 22 13:37:07 EDT 2026 | [indo-pacific] iter=70 added=8 total=179
Fri May 22 13:37:54 EDT 2026 | [americas-atlantic] iter=69 added=13 total=179
Fri May 22 13:37:54 EDT 2026 | [indian-med-africa] iter=71 added=16 total=179
Fri May 22 13:37:57 EDT 2026 | [indo-pacific] iter=71 added=8 total=179
Fri May 22 13:38:44 EDT 2026 | [indian-med-africa] iter=72 added=16 total=179
Fri May 22 13:38:44 EDT 2026 | [americas-atlantic] iter=70 added=13 total=179
Fri May 22 13:38:46 EDT 2026 | [indo-pacific] iter=72 added=8 total=179
Fri May 22 13:39:34 EDT 2026 | [americas-atlantic] iter=71 added=13 total=179
Fri May 22 13:39:34 EDT 2026 | [indian-med-africa] iter=73 added=16 total=179
Fri May 22 13:39:36 EDT 2026 | [indo-pacific] iter=73 added=8 total=179
Fri May 22 13:40:23 EDT 2026 | [americas-atlantic] iter=72 added=13 total=179
Fri May 22 13:40:23 EDT 2026 | [indian-med-africa] iter=74 added=16 total=179
Fri May 22 13:40:25 EDT 2026 | [indo-pacific] iter=74 added=8 total=179
Fri May 22 13:41:12 EDT 2026 | [americas-atlantic] iter=73 added=13 total=179
Fri May 22 13:41:13 EDT 2026 | [indian-med-africa] iter=75 added=16 total=179
Fri May 22 13:41:15 EDT 2026 | [indo-pacific] iter=75 added=8 total=179
Fri May 22 13:42:02 EDT 2026 | [indian-med-africa] iter=76 added=16 total=179
Fri May 22 13:42:02 EDT 2026 | [americas-atlantic] iter=74 added=13 total=179
Fri May 22 13:42:04 EDT 2026 | [indo-pacific] iter=76 added=8 total=179
Fri May 22 13:42:51 EDT 2026 | [indian-med-africa] iter=77 added=16 total=179
Fri May 22 13:42:51 EDT 2026 | [americas-atlantic] iter=75 added=13 total=179
Fri May 22 13:42:53 EDT 2026 | [indo-pacific] iter=77 added=8 total=179
Fri May 22 13:43:40 EDT 2026 | [americas-atlantic] iter=76 added=13 total=179
Fri May 22 13:43:40 EDT 2026 | [indian-med-africa] iter=78 added=16 total=179
Fri May 22 13:43:43 EDT 2026 | [indo-pacific] iter=78 added=8 total=179
Fri May 22 13:44:29 EDT 2026 | [indian-med-africa] iter=79 added=16 total=179
Fri May 22 13:44:30 EDT 2026 | [americas-atlantic] iter=77 added=13 total=179
Fri May 22 13:44:31 EDT 2026 | [indo-pacific] iter=79 added=8 total=179
Fri May 22 13:45:18 EDT 2026 | [americas-atlantic] iter=78 added=13 total=179
Fri May 22 13:45:18 EDT 2026 | [indian-med-africa] iter=80 added=16 total=179
Fri May 22 13:45:21 EDT 2026 | [indo-pacific] iter=80 added=8 total=179
Fri May 22 13:46:07 EDT 2026 | [americas-atlantic] iter=79 added=13 total=179
Fri May 22 13:46:08 EDT 2026 | [indian-med-africa] iter=81 added=16 total=179
Fri May 22 13:46:10 EDT 2026 | [indo-pacific] iter=81 added=8 total=179
Fri May 22 13:46:57 EDT 2026 | [americas-atlantic] iter=80 added=13 total=179
Fri May 22 13:46:57 EDT 2026 | [indian-med-africa] iter=82 added=16 total=179
Fri May 22 13:46:59 EDT 2026 | [indo-pacific] iter=82 added=8 total=179
Fri May 22 13:47:47 EDT 2026 | [indian-med-africa] iter=83 added=16 total=179
Fri May 22 13:47:47 EDT 2026 | [americas-atlantic] iter=81 added=13 total=179
Fri May 22 13:47:48 EDT 2026 | [indo-pacific] iter=83 added=8 total=179
Fri May 22 13:48:36 EDT 2026 | [americas-atlantic] iter=82 added=13 total=179
Fri May 22 13:48:36 EDT 2026 | [indian-med-africa] iter=84 added=16 total=179
Fri May 22 13:48:37 EDT 2026 | [indo-pacific] iter=84 added=8 total=179
Fri May 22 13:49:24 EDT 2026 | [americas-atlantic] iter=83 added=13 total=179
Fri May 22 13:49:25 EDT 2026 | [indian-med-africa] iter=85 added=16 total=179
Fri May 22 13:49:25 EDT 2026 | [indo-pacific] iter=85 added=8 total=179
Fri May 22 13:50:13 EDT 2026 | [indian-med-africa] iter=86 added=16 total=179
Fri May 22 13:50:13 EDT 2026 | [indo-pacific] iter=86 added=8 total=179
Fri May 22 13:50:13 EDT 2026 | [americas-atlantic] iter=84 added=13 total=179
Fri May 22 13:51:02 EDT 2026 | [indo-pacific] iter=87 added=8 total=179
Fri May 22 13:51:02 EDT 2026 | [indian-med-africa] iter=87 added=16 total=179
Fri May 22 13:51:02 EDT 2026 | [americas-atlantic] iter=85 added=13 total=179
Fri May 22 13:51:51 EDT 2026 | [indo-pacific] iter=88 added=8 total=179
Fri May 22 13:51:51 EDT 2026 | [americas-atlantic] iter=86 added=13 total=179
Fri May 22 13:51:51 EDT 2026 | [indian-med-africa] iter=88 added=16 total=179
Fri May 22 13:52:40 EDT 2026 | [americas-atlantic] iter=87 added=13 total=179
Fri May 22 13:52:40 EDT 2026 | [indian-med-africa] iter=89 added=16 total=179
Fri May 22 13:52:40 EDT 2026 | [indo-pacific] iter=89 added=8 total=179
Fri May 22 13:53:28 EDT 2026 | [americas-atlantic] iter=88 added=13 total=179
Fri May 22 13:53:28 EDT 2026 | [indian-med-africa] iter=90 added=16 total=179
Fri May 22 13:53:28 EDT 2026 | [indo-pacific] iter=90 added=8 total=179
Fri May 22 13:54:16 EDT 2026 | [indian-med-africa] iter=91 added=16 total=179
Fri May 22 13:54:17 EDT 2026 | [indo-pacific] iter=91 added=8 total=179
Fri May 22 13:54:18 EDT 2026 | [americas-atlantic] iter=89 added=13 total=179
Fri May 22 13:55:22 EDT 2026 | [americas-atlantic] iter=90 added=13 total=179
Fri May 22 13:55:22 EDT 2026 | [indian-med-africa] iter=92 added=16 total=179
Fri May 22 13:55:22 EDT 2026 | [indo-pacific] iter=92 added=8 total=179
Fri May 22 13:56:24 EDT 2026 | [americas-atlantic] iter=91 added=13 total=179
Fri May 22 13:56:24 EDT 2026 | [indo-pacific] iter=93 added=8 total=179
Fri May 22 13:56:24 EDT 2026 | [indian-med-africa] iter=93 added=16 total=179
Fri May 22 13:58:19 EDT 2026 | [indian-med-africa] iter=94 added=16 total=179
Fri May 22 13:58:19 EDT 2026 | [americas-atlantic] iter=92 added=13 total=179
Fri May 22 13:58:19 EDT 2026 | [indo-pacific] iter=94 added=8 total=179
Fri May 22 13:59:30 EDT 2026 | [americas-atlantic] iter=93 added=13 total=179
Fri May 22 13:59:30 EDT 2026 | [indo-pacific] iter=95 added=8 total=179
Fri May 22 13:59:30 EDT 2026 | [indian-med-africa] iter=95 added=16 total=179
Fri May 22 14:00:32 EDT 2026 | [indian-med-africa] iter=96 added=16 total=179
Fri May 22 14:00:32 EDT 2026 | [indo-pacific] iter=96 added=8 total=179
Fri May 22 14:00:32 EDT 2026 | [americas-atlantic] iter=94 added=13 total=179
Fri May 22 14:01:21 EDT 2026 | [indo-pacific] iter=97 added=8 total=179
Fri May 22 14:01:21 EDT 2026 | [americas-atlantic] iter=95 added=13 total=179
Fri May 22 14:01:21 EDT 2026 | [indian-med-africa] iter=97 added=16 total=179
Fri May 22 14:02:11 EDT 2026 | [indo-pacific] iter=98 added=8 total=179
Fri May 22 14:02:11 EDT 2026 | [indian-med-africa] iter=98 added=16 total=179
Fri May 22 14:02:11 EDT 2026 | [americas-atlantic] iter=96 added=13 total=179
Fri May 22 14:02:59 EDT 2026 | [indian-med-africa] iter=99 added=16 total=179
Fri May 22 14:03:00 EDT 2026 | [americas-atlantic] iter=97 added=13 total=179
Fri May 22 14:03:00 EDT 2026 | [indo-pacific] iter=99 added=8 total=179
Fri May 22 14:03:48 EDT 2026 | [americas-atlantic] iter=98 added=13 total=179
Fri May 22 14:03:48 EDT 2026 | [indian-med-africa] iter=100 added=16 total=179
Fri May 22 14:03:48 EDT 2026 | [indo-pacific] iter=100 added=8 total=179
Fri May 22 14:04:37 EDT 2026 | [indo-pacific] iter=101 added=8 total=179
Fri May 22 14:04:37 EDT 2026 | [americas-atlantic] iter=99 added=13 total=179
Fri May 22 14:04:37 EDT 2026 | [indian-med-africa] iter=101 added=16 total=179
Fri May 22 14:05:25 EDT 2026 | [indian-med-africa] iter=102 added=16 total=179
Fri May 22 14:05:25 EDT 2026 | [americas-atlantic] iter=100 added=13 total=179
Fri May 22 14:05:26 EDT 2026 | [indo-pacific] iter=102 added=8 total=179
Fri May 22 14:06:14 EDT 2026 | [indian-med-africa] iter=103 added=16 total=179
Fri May 22 14:06:14 EDT 2026 | [americas-atlantic] iter=101 added=13 total=179
Fri May 22 14:06:14 EDT 2026 | [indo-pacific] iter=103 added=8 total=179
Fri May 22 14:07:03 EDT 2026 | [americas-atlantic] iter=102 added=13 total=179
Fri May 22 14:07:03 EDT 2026 | [indian-med-africa] iter=104 added=16 total=179
Fri May 22 14:07:03 EDT 2026 | [indo-pacific] iter=104 added=8 total=179
Fri May 22 14:07:51 EDT 2026 | [americas-atlantic] iter=103 added=13 total=179
Fri May 22 14:07:51 EDT 2026 | [indo-pacific] iter=105 added=8 total=179
Fri May 22 14:07:52 EDT 2026 | [indian-med-africa] iter=105 added=16 total=179
Fri May 22 14:08:40 EDT 2026 | [indian-med-africa] iter=106 added=16 total=179
Fri May 22 14:08:40 EDT 2026 | [americas-atlantic] iter=104 added=13 total=179
Fri May 22 14:08:40 EDT 2026 | [indo-pacific] iter=106 added=8 total=179
Fri May 22 14:09:28 EDT 2026 | [americas-atlantic] iter=105 added=13 total=179
Fri May 22 14:09:29 EDT 2026 | [indo-pacific] iter=107 added=8 total=179
Fri May 22 14:09:29 EDT 2026 | [indian-med-africa] iter=107 added=16 total=179
Fri May 22 14:10:17 EDT 2026 | [americas-atlantic] iter=106 added=13 total=179
Fri May 22 14:10:18 EDT 2026 | [indo-pacific] iter=108 added=8 total=179
Fri May 22 14:10:18 EDT 2026 | [indian-med-africa] iter=108 added=16 total=179
Fri May 22 14:11:06 EDT 2026 | [indo-pacific] iter=109 added=8 total=179
Fri May 22 14:11:06 EDT 2026 | [americas-atlantic] iter=107 added=13 total=179
Fri May 22 14:11:07 EDT 2026 | [indian-med-africa] iter=109 added=16 total=179
Fri May 22 14:11:55 EDT 2026 | [americas-atlantic] iter=108 added=13 total=179
Fri May 22 14:11:55 EDT 2026 | [indo-pacific] iter=110 added=8 total=179
Fri May 22 14:11:55 EDT 2026 | [indian-med-africa] iter=110 added=16 total=179
Fri May 22 14:12:43 EDT 2026 | [indian-med-africa] iter=111 added=16 total=179
Fri May 22 14:12:43 EDT 2026 | [americas-atlantic] iter=109 added=13 total=179
Fri May 22 14:12:44 EDT 2026 | [indo-pacific] iter=111 added=8 total=179
Fri May 22 14:13:32 EDT 2026 | [americas-atlantic] iter=110 added=13 total=179
Fri May 22 14:13:32 EDT 2026 | [indian-med-africa] iter=112 added=16 total=179
Fri May 22 14:13:32 EDT 2026 | [indo-pacific] iter=112 added=8 total=179
Fri May 22 14:14:20 EDT 2026 | [americas-atlantic] iter=111 added=13 total=179
Fri May 22 14:14:20 EDT 2026 | [indo-pacific] iter=113 added=8 total=179
Fri May 22 14:14:21 EDT 2026 | [indian-med-africa] iter=113 added=16 total=179
Fri May 22 14:15:09 EDT 2026 | [indo-pacific] iter=114 added=8 total=179
Fri May 22 14:15:09 EDT 2026 | [indian-med-africa] iter=114 added=16 total=179
Fri May 22 14:15:09 EDT 2026 | [americas-atlantic] iter=112 added=13 total=179
Fri May 22 14:15:58 EDT 2026 | [indo-pacific] iter=115 added=8 total=179
Fri May 22 14:15:58 EDT 2026 | [americas-atlantic] iter=113 added=13 total=179
Fri May 22 14:15:58 EDT 2026 | [indian-med-africa] iter=115 added=16 total=179
Fri May 22 14:16:46 EDT 2026 | [indo-pacific] iter=116 added=8 total=179
Fri May 22 14:16:46 EDT 2026 | [indian-med-africa] iter=116 added=16 total=179
Fri May 22 14:16:46 EDT 2026 | [americas-atlantic] iter=114 added=13 total=179
Fri May 22 14:17:35 EDT 2026 | [indo-pacific] iter=117 added=8 total=179
Fri May 22 14:17:35 EDT 2026 | [indian-med-africa] iter=117 added=16 total=179
Fri May 22 14:17:35 EDT 2026 | [americas-atlantic] iter=115 added=13 total=179
Fri May 22 14:18:25 EDT 2026 | [indo-pacific] iter=118 added=8 total=179
Fri May 22 14:18:25 EDT 2026 | [indian-med-africa] iter=118 added=16 total=179
Fri May 22 14:18:25 EDT 2026 | [americas-atlantic] iter=116 added=13 total=179
Fri May 22 14:19:14 EDT 2026 | [americas-atlantic] iter=117 added=13 total=179
Fri May 22 14:19:14 EDT 2026 | [indo-pacific] iter=119 added=8 total=179
Fri May 22 14:19:14 EDT 2026 | [indian-med-africa] iter=119 added=16 total=179
Fri May 22 14:20:03 EDT 2026 | [indian-med-africa] iter=120 added=16 total=179
Fri May 22 14:20:03 EDT 2026 | [americas-atlantic] iter=118 added=13 total=179
Fri May 22 14:20:03 EDT 2026 | [indo-pacific] iter=120 added=8 total=179
Fri May 22 14:21:02 EDT 2026 | [indian-med-africa] iter=121 added=16 total=179
Fri May 22 14:21:02 EDT 2026 | [indo-pacific] iter=121 added=8 total=179
Fri May 22 14:21:02 EDT 2026 | [americas-atlantic] iter=119 added=13 total=179
Fri May 22 14:21:52 EDT 2026 | [indian-med-africa] iter=122 added=16 total=179
Fri May 22 14:21:52 EDT 2026 | [indo-pacific] iter=122 added=8 total=179
Fri May 22 14:21:52 EDT 2026 | [americas-atlantic] iter=120 added=13 total=179
Fri May 22 14:22:41 EDT 2026 | [americas-atlantic] iter=121 added=13 total=179
Fri May 22 14:22:41 EDT 2026 | [indo-pacific] iter=123 added=8 total=179
Fri May 22 14:22:41 EDT 2026 | [indian-med-africa] iter=123 added=16 total=179
Fri May 22 14:23:29 EDT 2026 | [indo-pacific] iter=124 added=8 total=179
Fri May 22 14:23:30 EDT 2026 | [americas-atlantic] iter=122 added=13 total=179
Fri May 22 14:23:30 EDT 2026 | [indian-med-africa] iter=124 added=16 total=179
Fri May 22 14:24:18 EDT 2026 | [americas-atlantic] iter=123 added=13 total=179
Fri May 22 14:24:18 EDT 2026 | [indian-med-africa] iter=125 added=16 total=179
Fri May 22 14:24:19 EDT 2026 | [indo-pacific] iter=125 added=8 total=179
Fri May 22 14:25:07 EDT 2026 | [indian-med-africa] iter=126 added=16 total=179
Fri May 22 14:25:07 EDT 2026 | [indo-pacific] iter=126 added=8 total=179
Fri May 22 14:25:07 EDT 2026 | [americas-atlantic] iter=124 added=13 total=179
Fri May 22 14:25:56 EDT 2026 | [indo-pacific] iter=127 added=8 total=179
Fri May 22 14:25:56 EDT 2026 | [indian-med-africa] iter=127 added=16 total=179
Fri May 22 14:25:57 EDT 2026 | [americas-atlantic] iter=125 added=13 total=179
Fri May 22 14:27:11 EDT 2026 | [indo-pacific] iter=128 added=8 total=179
Fri May 22 14:27:11 EDT 2026 | [americas-atlantic] iter=126 added=13 total=179
Fri May 22 14:27:11 EDT 2026 | [indian-med-africa] iter=128 added=16 total=179
Fri May 22 14:28:47 EDT 2026 | [americas-atlantic] iter=127 added=13 total=179
Fri May 22 14:28:47 EDT 2026 | [indian-med-africa] iter=129 added=16 total=179
Fri May 22 14:28:47 EDT 2026 | [indo-pacific] iter=129 added=8 total=179
Fri May 22 14:29:37 EDT 2026 | [indian-med-africa] iter=130 added=16 total=179
Fri May 22 14:29:37 EDT 2026 | [indo-pacific] iter=130 added=8 total=179
Fri May 22 14:29:37 EDT 2026 | [americas-atlantic] iter=128 added=13 total=179
Fri May 22 14:30:27 EDT 2026 | [indian-med-africa] iter=131 added=16 total=179
Fri May 22 14:30:27 EDT 2026 | [americas-atlantic] iter=129 added=13 total=179
Fri May 22 14:30:27 EDT 2026 | [indo-pacific] iter=131 added=8 total=179
Fri May 22 14:31:16 EDT 2026 | [indo-pacific] iter=132 added=8 total=179
Fri May 22 14:31:17 EDT 2026 | [indian-med-africa] iter=132 added=16 total=179
Fri May 22 14:31:20 EDT 2026 | [americas-atlantic] iter=130 added=13 total=179
Fri May 22 14:32:06 EDT 2026 | [indo-pacific] iter=133 added=8 total=179
Fri May 22 14:32:06 EDT 2026 | [indian-med-africa] iter=133 added=16 total=179
Fri May 22 14:32:09 EDT 2026 | [americas-atlantic] iter=131 added=13 total=179
Fri May 22 14:32:55 EDT 2026 | [indo-pacific] iter=134 added=8 total=179
Fri May 22 14:32:55 EDT 2026 | [indian-med-africa] iter=134 added=16 total=179
Fri May 22 14:32:57 EDT 2026 | [americas-atlantic] iter=132 added=13 total=179
Fri May 22 14:33:46 EDT 2026 | [indo-pacific] iter=135 added=8 total=179
Fri May 22 14:33:46 EDT 2026 | [indian-med-africa] iter=135 added=16 total=179
Fri May 22 14:33:48 EDT 2026 | [americas-atlantic] iter=133 added=13 total=179
Fri May 22 14:34:36 EDT 2026 | [indo-pacific] iter=136 added=8 total=179
Fri May 22 14:34:36 EDT 2026 | [indian-med-africa] iter=136 added=16 total=179
Fri May 22 14:34:38 EDT 2026 | [americas-atlantic] iter=134 added=13 total=179
Fri May 22 14:35:25 EDT 2026 | [indian-med-africa] iter=137 added=16 total=179
Fri May 22 14:35:25 EDT 2026 | [indo-pacific] iter=137 added=8 total=179
Fri May 22 14:35:27 EDT 2026 | [americas-atlantic] iter=135 added=13 total=179
Fri May 22 14:36:14 EDT 2026 | [indo-pacific] iter=138 added=8 total=179
Fri May 22 14:36:14 EDT 2026 | [indian-med-africa] iter=138 added=16 total=179
Fri May 22 14:36:17 EDT 2026 | [americas-atlantic] iter=136 added=13 total=179
Fri May 22 14:37:04 EDT 2026 | [indo-pacific] iter=139 added=8 total=179
Fri May 22 14:37:04 EDT 2026 | [indian-med-africa] iter=139 added=16 total=179
Fri May 22 14:37:07 EDT 2026 | [americas-atlantic] iter=137 added=13 total=179
Fri May 22 14:37:54 EDT 2026 | [indo-pacific] iter=140 added=8 total=179
Fri May 22 14:37:54 EDT 2026 | [indian-med-africa] iter=140 added=16 total=179
Fri May 22 14:37:56 EDT 2026 | [americas-atlantic] iter=138 added=13 total=179
Fri May 22 14:38:44 EDT 2026 | [indian-med-africa] iter=141 added=16 total=179
Fri May 22 14:38:44 EDT 2026 | [indo-pacific] iter=141 added=8 total=179
Fri May 22 14:38:46 EDT 2026 | [americas-atlantic] iter=139 added=13 total=179
Fri May 22 14:39:35 EDT 2026 | [indian-med-africa] iter=142 added=16 total=179
Fri May 22 14:39:35 EDT 2026 | [indo-pacific] iter=142 added=8 total=179
Fri May 22 14:39:38 EDT 2026 | [americas-atlantic] iter=140 added=13 total=179
Fri May 22 14:40:47 EDT 2026 | [indian-med-africa] iter=143 added=16 total=179
Fri May 22 14:40:47 EDT 2026 | [indo-pacific] iter=143 added=8 total=179
Fri May 22 14:40:47 EDT 2026 | [americas-atlantic] iter=141 added=13 total=179
Fri May 22 14:41:46 EDT 2026 | [indo-pacific] iter=144 added=8 total=179
Fri May 22 14:41:46 EDT 2026 | [indian-med-africa] iter=144 added=16 total=179
Fri May 22 14:41:48 EDT 2026 | [americas-atlantic] iter=142 added=13 total=179
Fri May 22 14:42:35 EDT 2026 | [indian-med-africa] iter=145 added=16 total=179
Fri May 22 14:42:36 EDT 2026 | [indo-pacific] iter=145 added=8 total=179
Fri May 22 14:42:36 EDT 2026 | [americas-atlantic] iter=143 added=13 total=179
Fri May 22 14:43:25 EDT 2026 | [indo-pacific] iter=146 added=8 total=179
Fri May 22 14:43:26 EDT 2026 | [americas-atlantic] iter=144 added=13 total=179
Fri May 22 14:43:26 EDT 2026 | [indian-med-africa] iter=146 added=16 total=179
Fri May 22 14:44:14 EDT 2026 | [indian-med-africa] iter=147 added=16 total=179
Fri May 22 14:44:14 EDT 2026 | [indo-pacific] iter=147 added=8 total=179
Fri May 22 14:44:14 EDT 2026 | [americas-atlantic] iter=145 added=13 total=179
Fri May 22 14:45:03 EDT 2026 | [indo-pacific] iter=148 added=8 total=179
Fri May 22 14:45:04 EDT 2026 | [indian-med-africa] iter=148 added=16 total=179
Fri May 22 14:45:04 EDT 2026 | [americas-atlantic] iter=146 added=13 total=179
Fri May 22 14:45:53 EDT 2026 | [indo-pacific] iter=149 added=8 total=179
Fri May 22 14:45:53 EDT 2026 | [indian-med-africa] iter=149 added=16 total=179
Fri May 22 14:45:54 EDT 2026 | [americas-atlantic] iter=147 added=13 total=179
Fri May 22 14:46:42 EDT 2026 | [americas-atlantic] iter=148 added=13 total=179
Fri May 22 14:46:43 EDT 2026 | [indo-pacific] iter=150 added=8 total=179
Fri May 22 14:46:43 EDT 2026 | [indian-med-africa] iter=150 added=16 total=179
Fri May 22 14:47:31 EDT 2026 | [indian-med-africa] iter=151 added=16 total=179
Fri May 22 14:47:32 EDT 2026 | [indo-pacific] iter=151 added=8 total=179
Fri May 22 14:47:32 EDT 2026 | [americas-atlantic] iter=149 added=13 total=179
Fri May 22 14:48:20 EDT 2026 | [indo-pacific] iter=152 added=8 total=179
Fri May 22 14:48:20 EDT 2026 | [americas-atlantic] iter=150 added=13 total=179
Fri May 22 14:48:20 EDT 2026 | [indian-med-africa] iter=152 added=16 total=179
Fri May 22 14:49:10 EDT 2026 | [americas-atlantic] iter=151 added=13 total=179
Fri May 22 14:49:10 EDT 2026 | [indo-pacific] iter=153 added=8 total=179
Fri May 22 14:49:10 EDT 2026 | [indian-med-africa] iter=153 added=16 total=179
Fri May 22 14:50:01 EDT 2026 | [americas-atlantic] iter=152 added=13 total=179
Fri May 22 14:50:01 EDT 2026 | [indian-med-africa] iter=154 added=16 total=179
Fri May 22 14:50:01 EDT 2026 | [indo-pacific] iter=154 added=8 total=179
Fri May 22 14:50:49 EDT 2026 | [indo-pacific] iter=155 added=8 total=179
Fri May 22 14:50:49 EDT 2026 | [indian-med-africa] iter=155 added=16 total=179
Fri May 22 14:50:50 EDT 2026 | [americas-atlantic] iter=153 added=13 total=179
Fri May 22 14:51:38 EDT 2026 | [americas-atlantic] iter=154 added=13 total=179
Fri May 22 14:51:38 EDT 2026 | [indo-pacific] iter=156 added=8 total=179
Fri May 22 14:51:38 EDT 2026 | [indian-med-africa] iter=156 added=16 total=179
Fri May 22 14:52:26 EDT 2026 | [indo-pacific] iter=157 added=8 total=179
Fri May 22 14:52:26 EDT 2026 | [indian-med-africa] iter=157 added=16 total=179
Fri May 22 14:52:27 EDT 2026 | [americas-atlantic] iter=155 added=13 total=179
Fri May 22 14:53:15 EDT 2026 | [indian-med-africa] iter=158 added=16 total=179
Fri May 22 14:53:16 EDT 2026 | [indo-pacific] iter=158 added=8 total=179
Fri May 22 14:53:16 EDT 2026 | [americas-atlantic] iter=156 added=13 total=179
Fri May 22 14:54:04 EDT 2026 | [indian-med-africa] iter=159 added=16 total=179
Fri May 22 14:54:04 EDT 2026 | [americas-atlantic] iter=157 added=13 total=179
Fri May 22 14:54:04 EDT 2026 | [indo-pacific] iter=159 added=8 total=179
Fri May 22 14:54:54 EDT 2026 | [americas-atlantic] iter=158 added=13 total=179
Fri May 22 14:54:54 EDT 2026 | [indo-pacific] iter=160 added=8 total=179
Fri May 22 14:54:55 EDT 2026 | [indian-med-africa] iter=160 added=16 total=179
Fri May 22 14:55:48 EDT 2026 | [americas-atlantic] iter=159 added=13 total=179
Fri May 22 14:55:49 EDT 2026 | [indian-med-africa] iter=161 added=16 total=179
Fri May 22 14:55:49 EDT 2026 | [indo-pacific] iter=161 added=8 total=179
Fri May 22 14:56:37 EDT 2026 | [indo-pacific] iter=162 added=8 total=179
Fri May 22 14:56:37 EDT 2026 | [americas-atlantic] iter=160 added=13 total=179
Fri May 22 14:56:37 EDT 2026 | [indian-med-africa] iter=162 added=16 total=179
Fri May 22 14:57:52 EDT 2026 | [indo-pacific] iter=163 added=8 total=181
Fri May 22 14:57:52 EDT 2026 | [indian-med-africa] iter=163 added=16 total=181
Fri May 22 14:57:52 EDT 2026 | [americas-atlantic] iter=161 added=13 total=181
Fri May 22 14:59:49 EDT 2026 | [indian-med-africa] iter=164 added=16 total=181
Fri May 22 14:59:49 EDT 2026 | [americas-atlantic] iter=162 added=13 total=181
Fri May 22 14:59:49 EDT 2026 | [indo-pacific] iter=164 added=8 total=181
Fri May 22 15:01:56 EDT 2026 | [indo-pacific] iter=165 added=8 total=181
Fri May 22 15:01:56 EDT 2026 | [indian-med-africa] iter=165 added=16 total=181
Fri May 22 15:01:56 EDT 2026 | [americas-atlantic] iter=163 added=13 total=181
Fri May 22 15:09:30 EDT 2026 | [indian-med-africa] iter=166 added=16 total=181
Fri May 22 15:09:30 EDT 2026 | [americas-atlantic] iter=164 added=13 total=181
Fri May 22 15:09:52 EDT 2026 | [indo-pacific] iter=166 added=8 total=181
Fri May 22 15:13:15 EDT 2026 | [indian-med-africa] iter=167 added=16 total=181
Fri May 22 15:13:15 EDT 2026 | [americas-atlantic] iter=165 added=13 total=181
Fri May 22 15:14:21 EDT 2026 | [indo-pacific] iter=167 added=8 total=181
Fri May 22 15:14:46 EDT 2026 | [indian-med-africa] iter=168 added=16 total=181
Fri May 22 15:14:46 EDT 2026 | [americas-atlantic] iter=166 added=13 total=181
Fri May 22 15:15:18 EDT 2026 | [indo-pacific] iter=168 added=8 total=181
Fri May 22 15:15:39 EDT 2026 | [americas-atlantic] iter=167 added=13 total=181
Fri May 22 15:15:39 EDT 2026 | [indian-med-africa] iter=169 added=16 total=181
Fri May 22 15:16:08 EDT 2026 | [indo-pacific] iter=169 added=8 total=181
Fri May 22 15:16:28 EDT 2026 | [americas-atlantic] iter=168 added=13 total=181
Fri May 22 15:16:28 EDT 2026 | [indian-med-africa] iter=170 added=16 total=181
Fri May 22 15:16:56 EDT 2026 | [indo-pacific] iter=170 added=8 total=181
Fri May 22 15:17:18 EDT 2026 | [indian-med-africa] iter=171 added=16 total=181
Fri May 22 15:17:18 EDT 2026 | [americas-atlantic] iter=169 added=13 total=181
Fri May 22 15:17:45 EDT 2026 | [indo-pacific] iter=171 added=8 total=181
Fri May 22 15:18:07 EDT 2026 | [indian-med-africa] iter=172 added=16 total=181
Fri May 22 15:18:07 EDT 2026 | [americas-atlantic] iter=170 added=13 total=181
Fri May 22 15:18:35 EDT 2026 | [indo-pacific] iter=172 added=8 total=181
Fri May 22 15:18:56 EDT 2026 | [indian-med-africa] iter=173 added=16 total=181
Fri May 22 15:18:56 EDT 2026 | [americas-atlantic] iter=171 added=13 total=181
Fri May 22 15:19:23 EDT 2026 | [indo-pacific] iter=173 added=8 total=181
Fri May 22 15:19:47 EDT 2026 | [indian-med-africa] iter=174 added=16 total=181
Fri May 22 15:19:47 EDT 2026 | [americas-atlantic] iter=172 added=13 total=181
Fri May 22 15:20:12 EDT 2026 | [indo-pacific] iter=174 added=8 total=181
Fri May 22 15:20:36 EDT 2026 | [americas-atlantic] iter=173 added=13 total=181
Fri May 22 15:20:36 EDT 2026 | [indian-med-africa] iter=175 added=16 total=181
Fri May 22 15:21:01 EDT 2026 | [indo-pacific] iter=175 added=8 total=181
Fri May 22 15:21:25 EDT 2026 | [indian-med-africa] iter=176 added=16 total=181
Fri May 22 15:21:25 EDT 2026 | [americas-atlantic] iter=174 added=13 total=181
Fri May 22 15:21:49 EDT 2026 | [indo-pacific] iter=176 added=8 total=181
Fri May 22 15:22:17 EDT 2026 | [americas-atlantic] iter=175 added=13 total=181
Fri May 22 15:22:17 EDT 2026 | [indian-med-africa] iter=177 added=16 total=181
Mon May 25 12:37:05 EDT 2026 | [americas-atlantic] iter=1 added=1 total=216
Mon May 25 12:38:10 EDT 2026 | [indian-med-africa] iter=1 added=1 total=216
Mon May 25 12:41:19 EDT 2026 | [indo-pacific] iter=1 added=1 total=217
Mon May 25 12:45:56 EDT 2026 | [americas-atlantic] iter=2 added=2 total=218
Mon May 25 12:47:50 EDT 2026 | [indo-pacific] iter=2 added=2 total=219
Mon May 25 12:51:03 EDT 2026 | [indian-med-africa] iter=2 added=2 total=220
Mon May 25 12:53:17 EDT 2026 | [americas-atlantic] iter=3 added=3 total=221
Mon May 25 12:55:59 EDT 2026 | [indo-pacific] iter=3 added=3 total=222
