=== Blitz started at Fri May 22 10:27:41 EDT 2026 | max=500 delay=30s ===

--- Iteration 1 | added=0 | Fri May 22 10:27:41 EDT 2026 ---
DONE: Monad Shoal added successfully

Sources:
- [Monad Shoal Dive Site Guide — Dive Zone](https://divezone.net/divesite/monad-shoal)
- [Monad Shoal — Sea Explorers Philippines](https://sea-explorers.com/monad-shoal-malapascua-philippines/)
- [Diving Malapascua with thresher sharks — World Adventure Divers](https://worldadventuredivers.com/diving-malapascua-thresher-shark/)
- [Thresher sharks of Malapascua — ZuBlu Diving](https://www.zubludiving.com/articles/zublu-insights/thresher-sharks-of-malapascua)
✓ Added: Monad Shoal added successfully
Total sites in DB: 129

--- Iteration 2 | added=1 | Fri May 22 10:30:41 EDT 2026 ---
DONE: Yonaguni Monument added successfully
✓ Added: Yonaguni Monument added successfully
Total sites in DB: 130

--- Iteration 3 | added=2 | Fri May 22 10:34:05 EDT 2026 ---
DONE: SS Thistlegorm added successfully

Sources:
- [SS Thistlegorm - Wikipedia](https://en.wikipedia.org/wiki/SS_Thistlegorm)
- [Thistlegorm Wreck dive site | PADI](https://www.padi.com/dive-site/egypt/thistlegorm-wreck/)
- [Diving the SS Thistlegorm wreck, Egypt - Zublu](https://www.zubludiving.com/articles/zublu-insights/diving-egypts-thistlegorm-wreck)
- [Category:Thistlegorm (ship, 1940) - Wikimedia Commons](https://commons.wikimedia.org/wiki/Category:Thistlegorm_(ship,_1940))
✓ Added: SS Thistlegorm added successfully
Total sites in DB: 131

--- Iteration 4 | added=3 | Fri May 22 10:37:45 EDT 2026 ---
DONE: Stingray City added successfully
✓ Added: Stingray City added successfully
Total sites in DB: 132

--- Iteration 5 | added=4 | Fri May 22 10:42:31 EDT 2026 ---
DONE: Bianca C added successfully
✓ Added: Bianca C added successfully
Total sites in DB: 133

--- Iteration 6 | added=5 | Fri May 22 10:46:08 EDT 2026 ---
DONE: Hirokawa Maru (Bonegi I) added successfully

Sources:
- [Hirokawa Maru (Bonegi 1) Wreck Dive — Diveplanit](https://www.diveplanit.com/dive-site/hirokawa-maru-bonegi-1/)
- [WWII Wrecks Solomon Islands Guide — Divernet](https://divernet.com/scuba-diving/wwii-wrecks-solomon-islands-guide/)
- [Hirokawa Maru — Michael McFadyen's Scuba](https://www.michaelmcfadyenscuba.info/viewpage.php?page_id=374)
✓ Added: Hirokawa Maru (Bonegi I) added successfully
Total sites in DB: 134

--- Iteration 7 | added=6 | Fri May 22 10:50:20 EDT 2026 ---
DONE: Cathedral Cove added successfully

Sources:
- [Diving the Southern Channel Islands Kelp Forests - Scuba Diver Life](https://scubadiverlife.com/diving-southern-channel-islands-kelp-forests/)
- [Anacapa - Cathedral Cove Dive Site - DiveLine](https://diveline.io/dive-sites/anacapa-cathedral-cove)
- [Anacapa Island State Marine Reserve - Wikipedia](https://en.wikipedia.org/wiki/Anacapa_Island_State_Marine_Reserve)
- [Anacapa Island - Wikipedia](https://en.wikipedia.org/wiki/Anacapa_Island)
- [Guide to Diving in Channel Islands National Marine Sanctuary - Scuba Diving](https://www.scubadiving.com/guide-diving-channel-islands-national-marine-sanctuary)
✓ Added: Cathedral Cove added successfully
Total sites in DB: 135

--- Iteration 8 | added=7 | Fri May 22 10:54:24 EDT 2026 ---
