=== Worker [indian-med-africa] started at Fri May 22 11:18:38 EDT 2026 | focus: Maldives, Sri Lanka, Lakshadweep, Andaman Islands, India coastlines, Seychelles, Madagascar, Mauritius, Réunion, Comoros, Egypt Red Sea, Sudan Red Sea, Saudi Arabia Red Sea, Jordan, Israel, Oman, Yemen Socotra, South Africa (Aliwal/Sodwana/Cape), Mozambique, Tanzania (Zanzibar/Pemba/Mafia), Kenya, Mediterranean (Malta/Cyprus/Greece/Italy/Spain/France/Croatia/Turkey), West Africa (Sao Tome) ===

--- [indian-med-africa] iter 1 | added=0 | Fri May 22 11:18:38 EDT 2026 ---
DONE: Kichwani added successfully
[indian-med-africa] ✓ Added: Kichwani added successfully

--- [indian-med-africa] iter 2 | added=1 | Fri May 22 11:24:09 EDT 2026 ---
DONE: Little Brother added successfully
[indian-med-africa] ✓ Added: Little Brother added successfully

--- [indian-med-africa] iter 3 | added=2 | Fri May 22 11:28:20 EDT 2026 ---
DONE: Pigeon Island added successfully
[indian-med-africa] ✓ Added: Pigeon Island added successfully

--- [indian-med-africa] iter 4 | added=3 | Fri May 22 11:34:03 EDT 2026 ---
DONE: Johnny's Gorge added successfully
[indian-med-africa] ✓ Added: Johnny's Gorge added successfully

--- [indian-med-africa] iter 5 | added=4 | Fri May 22 11:39:59 EDT 2026 ---
DONE: Daedalus Reef added successfully
[indian-med-africa] ✓ Added: Daedalus Reef added successfully

--- [indian-med-africa] iter 6 | added=5 | Fri May 22 11:44:37 EDT 2026 ---
You've hit your session limit · resets 12pm (America/New_York)
[indian-med-africa] → No clear result, continuing...

--- [indian-med-africa] iter 7 | added=5 | Fri May 22 11:45:31 EDT 2026 ---
You've hit your session limit · resets 12pm (America/New_York)
[indian-med-africa] → No clear result, continuing...

--- [indian-med-africa] iter 8 | added=5 | Fri May 22 11:46:20 EDT 2026 ---
You've hit your session limit · resets 12pm (America/New_York)
[indian-med-africa] → No clear result, continuing...

--- [indian-med-africa] iter 9 | added=5 | Fri May 22 11:47:08 EDT 2026 ---
You've hit your session limit · resets 12pm (America/New_York)
[indian-med-africa] → No clear result, continuing...

--- [indian-med-africa] iter 10 | added=5 | Fri May 22 11:47:58 EDT 2026 ---
You've hit your session limit · resets 12pm (America/New_York)
[indian-med-africa] → No clear result, continuing...

--- [indian-med-africa] iter 11 | added=5 | Fri May 22 11:48:47 EDT 2026 ---
You've hit your session limit · resets 12pm (America/New_York)
[indian-med-africa] → No clear result, continuing...

--- [indian-med-africa] iter 12 | added=5 | Fri May 22 11:49:36 EDT 2026 ---
You've hit your session limit · resets 12pm (America/New_York)
[indian-med-africa] → No clear result, continuing...

--- [indian-med-africa] iter 13 | added=5 | Fri May 22 11:50:23 EDT 2026 ---
You've hit your session limit · resets 12pm (America/New_York)
[indian-med-africa] → No clear result, continuing...

--- [indian-med-africa] iter 14 | added=5 | Fri May 22 11:51:12 EDT 2026 ---
You've hit your session limit · resets 12pm (America/New_York)
[indian-med-africa] → No clear result, continuing...

--- [indian-med-africa] iter 15 | added=5 | Fri May 22 11:52:00 EDT 2026 ---
You've hit your session limit · resets 12pm (America/New_York)
[indian-med-africa] → No clear result, continuing...

--- [indian-med-africa] iter 16 | added=5 | Fri May 22 11:52:48 EDT 2026 ---
You've hit your session limit · resets 12pm (America/New_York)
[indian-med-africa] → No clear result, continuing...

--- [indian-med-africa] iter 17 | added=5 | Fri May 22 11:53:36 EDT 2026 ---
You've hit your session limit · resets 12pm (America/New_York)
[indian-med-africa] → No clear result, continuing...

--- [indian-med-africa] iter 18 | added=5 | Fri May 22 11:54:24 EDT 2026 ---
You've hit your session limit · resets 12pm (America/New_York)
[indian-med-africa] → No clear result, continuing...

--- [indian-med-africa] iter 19 | added=5 | Fri May 22 11:55:12 EDT 2026 ---
You've hit your session limit · resets 12pm (America/New_York)
[indian-med-africa] → No clear result, continuing...

--- [indian-med-africa] iter 20 | added=5 | Fri May 22 11:56:00 EDT 2026 ---
You've hit your session limit · resets 12pm (America/New_York)
[indian-med-africa] → No clear result, continuing...

--- [indian-med-africa] iter 21 | added=5 | Fri May 22 11:56:49 EDT 2026 ---
You've hit your session limit · resets 12pm (America/New_York)
[indian-med-africa] → No clear result, continuing...

--- [indian-med-africa] iter 22 | added=5 | Fri May 22 11:57:37 EDT 2026 ---
You've hit your session limit · resets 12pm (America/New_York)
[indian-med-africa] → No clear result, continuing...

--- [indian-med-africa] iter 23 | added=5 | Fri May 22 11:58:26 EDT 2026 ---
You've hit your session limit · resets 12pm (America/New_York)
[indian-med-africa] → No clear result, continuing...

--- [indian-med-africa] iter 24 | added=5 | Fri May 22 11:59:16 EDT 2026 ---
You've hit your session limit · resets 12pm (America/New_York)
[indian-med-africa] → No clear result, continuing...

--- [indian-med-africa] iter 25 | added=5 | Fri May 22 12:00:05 EDT 2026 ---
DONE: MV Rozi Wreck added successfully
[indian-med-africa] ✓ Added: MV Rozi Wreck added successfully

--- [indian-med-africa] iter 26 | added=6 | Fri May 22 12:03:55 EDT 2026 ---
DONE: Elphinstone Reef added successfully

Sources:
- [Elphinstone Reef - Wikipedia](https://en.wikipedia.org/wiki/Elphinstone_Reef)
- [Elphinstone Reef - PADI](https://www.padi.com/dive-site/egypt/elphinstone-reef-2/)
- [Wikimedia Commons: Elphinstone Reef](https://commons.wikimedia.org/wiki/Category:Elphinstone_Reef_(Red_Sea,_Egypt))
- [Best Time to Visit Marsa Alam for Diving](https://redsea-scubadiving.com/best-time-to-visit-marsa-alam-for-diving/)
[indian-med-africa] ✓ Added: Elphinstone Reef added successfully

--- [indian-med-africa] iter 27 | added=7 | Fri May 22 12:08:40 EDT 2026 ---
DONE: Manta Point Bangaram added successfully

Added the most-dived site in Lakshadweep (India) — Manta Point on the outer reef of Bangaram Atoll at 10.95°N, 72.32°E, 6–23 m. Lakshadweep had 0 sites; this is the canonical first entry. Set `heroImageUrl: null` because no genuinely site-specific underwater image of Bangaram's reef exists on Wikimedia Commons — the available Lakshadweep imagery is from other atolls (Minicoy, Kavaratti) and would be a stand-in. Committed as `2a4f354` and pushed.

Sources:
- [Bangaram Atoll - Wikipedia](https://en.wikipedia.org/wiki/Bangaram_Atoll)
- [Diving in Lakshadweep | PADI](https://www.padi.com/diving-in/lakshadweep/)
- [Bangaram Dive Center | PADI](https://www.padi.com/dive-center/india/bangaram-dive-center/)
- [Lakshadweep: India's Best Kept Secret | PADI Blog](https://blog.padi.com/lakshadweep-indias-best-kept-secret/)
[indian-med-africa] ✓ Added: Manta Point Bangaram added successfully

--- [indian-med-africa] iter 28 | added=8 | Fri May 22 12:13:27 EDT 2026 ---
DONE: SS Dunraven added successfully

Sources:
- [SS Dunraven - Wikipedia](https://en.wikipedia.org/wiki/SS_Dunraven)
- [Dunraven interior photo (3528×2160) - Wikimedia Commons](https://commons.wikimedia.org/wiki/File:Dunraven_interior_2017-04-22_14-26-24_Sinai-8046.jpg)
- [SS Dunraven Wreck dive site | PADI](https://www.padi.com/dive-site/egypt/ss-dunraven-wreck/)
- [Discovery of the Dunraven - Divers Alert Network](https://dan.org/alert-diver/article/discovery-of-the-dunraven/)
[indian-med-africa] ✓ Added: SS Dunraven added successfully

--- [indian-med-africa] iter 29 | added=9 | Fri May 22 12:19:25 EDT 2026 ---
DONE: Lankan Manta Point added successfully

Added the Maldives' most-visited manta cleaning station to `north-male-atoll-maldives` (which previously had only 2 sites). Eastern outer reef of Lankanfinolhu, three coral bommies at 10–18 m acting as fixed cleaning stations, peak Aug–Nov on the southwest monsoon. Hero image left null — no Lankan-specific underwater photo exists on Wikimedia Commons, and per the rules a generic Maldives manta would be misleading.

Sources used:
- [Lankan Manta Point - SSI Dive Guide](https://www.divessi.com/en/mydiveguide/divesite/lankan-manta-point-maldives-678063)
- [Manta Point Maldives - Liveaboard.com](https://www.liveaboard.com/diving/article/manta-point-maldives)
- [Lankan Beyru - DiveJourney](https://divejourney.io/dive-spots/maldives-lankan-beyru)
- [Diving in North Malé Atoll - PADI](https://www.padi.com/diving-in/north-male-atoll-kaafu-atoll/)
- [Paradise Island Resort - Wikipedia](https://en.wikipedia.org/wiki/Paradise_Island_Resort)
[indian-med-africa] ✓ Added: Lankan Manta Point added successfully

--- [indian-med-africa] iter 30 | added=10 | Fri May 22 12:27:15 EDT 2026 ---
DONE: Straits of Tiran added successfully
[indian-med-africa] ✓ Added: Straits of Tiran added successfully

--- [indian-med-africa] iter 31 | added=11 | Fri May 22 12:33:56 EDT 2026 ---
DONE: Conshelf II (Précontinent II) added successfully

Added the remains of Jacques Cousteau's 1963 underwater habitat at Shaab Rumi, Sudan — sub hangar at 10 m (still holds original air pocket), shark cage at 27 m, tool shed and fish cages encrusted with coral. Hero image is a 4608×3456 underwater photo from Wikimedia Commons showing the actual hangar structure. Mapped to existing `sudan-shaab-rumi` location, editorial rank 86. Featured in Cousteau's Oscar-winning "World Without Sun."

Sources:
- [Continental Shelf Station Two — Wikipedia](https://en.wikipedia.org/wiki/Continental_Shelf_Station_Two)
- [Précontinent II — Atlas Obscura](https://www.atlasobscura.com/places/precontinent-ii)
- [Wikimedia Commons — Category:Conshelf](https://commons.wikimedia.org/wiki/Category:Conshelf)
- [Sha'ab Rumi coordinates — getamap.net](https://www.getamap.net/maps/sudan/(su31)/_rumi_shaab/)
[indian-med-africa] ✓ Added: Conshelf II (Précontinent II) added successfully

--- [indian-med-africa] iter 32 | added=12 | Fri May 22 12:40:12 EDT 2026 ---
DONE: Maamigili Beyru (Whale Shark Point) added successfully

Sources:
- [Maamigili Beyru — PADI](https://www.padi.com/dive-site/maldives/maamigili-beyru/)
- [South Ari Dive Center — Maamigili Beyru](https://www.southaridivecenter.com/dive-site/maamigili-beyru)
- [ZuBlu — Whale shark and manta ray seasons in the Maldives](https://www.zubludiving.com/articles/zublu-insights/whale-shark-and-manta-rays-seasons-in-the-maldives)
- [Dive the World — Whale Shark Marine Protected Areas](https://www.dive-the-world.com/reefs-and-parks-maldives-whale-shark-marine-protected-areas.php)
- [Hero image: Walhai 3.jpg (Wikimedia Commons, South Ari Atoll)](https://commons.wikimedia.org/wiki/File:Walhai_3.jpg)
[indian-med-africa] ✓ Added: Maamigili Beyru (Whale Shark Point) added successfully

--- [indian-med-africa] iter 33 | added=13 | Fri May 22 12:46:01 EDT 2026 ---
Error: Reached max turns (30)
[indian-med-africa] → No clear result, continuing...

--- [indian-med-africa] iter 34 | added=13 | Fri May 22 12:51:13 EDT 2026 ---
DONE: MS Zenobia added successfully

Added the MS Zenobia (172m Ro-Ro ferry that capsized off Larnaca in 1980, lies on her port side 16–42m) along with a new `larnaca-cyprus` location entry. Hero image is the iconic propeller shot from Wikimedia Commons (4000×3000, CC-BY 2.0). One of the most-cited wreck dives in the Mediterranean and our first Cyprus site.

Sources:
- [MS Zenobia - Wikipedia](https://en.wikipedia.org/wiki/MS_Zenobia)
- [Visit Cyprus - Zenobia Shipwreck](https://www.visitcyprus.com/discover-cyprus/sports-training/sports-diving/ms-zenobia-shipwreck/)
- [Wikimedia Commons - Zenobia ship](https://commons.wikimedia.org/wiki/Category:Zenobia_(ship,_1979))
[indian-med-africa] ✓ Added: MS Zenobia added successfully

--- [indian-med-africa] iter 35 | added=14 | Fri May 22 12:55:41 EDT 2026 ---
DONE: Giannis D added successfully

Sources:
- [Sha'b Abu Nuhas — Wikipedia](https://en.wikipedia.org/wiki/Sha%CA%BDb_Abu_Nu%C4%A7as)
- [Giannis D — Red Sea Wreck Project](https://www.redseawreckproject.com/dive-sites/g-red-sea-wreck-diving-database/giannis-d/)
- [Giannis D (ship, 1969) — Wikimedia Commons](https://commons.wikimedia.org/wiki/Category:Giannis_D_(ship,_1969))
[indian-med-africa] ✓ Added: Giannis D added successfully

--- [indian-med-africa] iter 36 | added=15 | Fri May 22 13:01:11 EDT 2026 ---
DONE: SS Carnatic added successfully
[indian-med-africa] ✓ Added: SS Carnatic added successfully

--- [indian-med-africa] iter 37 | added=16 | Fri May 22 13:06:09 EDT 2026 ---
You've hit your session limit · resets 5pm (America/New_York)
[indian-med-africa] → No clear result, continuing...

--- [indian-med-africa] iter 38 | added=16 | Fri May 22 13:10:20 EDT 2026 ---
You've hit your session limit · resets 5pm (America/New_York)
[indian-med-africa] → No clear result, continuing...

--- [indian-med-africa] iter 39 | added=16 | Fri May 22 13:11:08 EDT 2026 ---
You've hit your session limit · resets 5pm (America/New_York)
[indian-med-africa] → No clear result, continuing...

--- [indian-med-africa] iter 40 | added=16 | Fri May 22 13:11:55 EDT 2026 ---
You've hit your session limit · resets 5pm (America/New_York)
[indian-med-africa] → No clear result, continuing...

--- [indian-med-africa] iter 41 | added=16 | Fri May 22 13:12:44 EDT 2026 ---
You've hit your session limit · resets 5pm (America/New_York)
[indian-med-africa] → No clear result, continuing...

--- [indian-med-africa] iter 42 | added=16 | Fri May 22 13:13:33 EDT 2026 ---
You've hit your session limit · resets 5pm (America/New_York)
[indian-med-africa] → No clear result, continuing...

--- [indian-med-africa] iter 43 | added=16 | Fri May 22 13:14:22 EDT 2026 ---
You've hit your session limit · resets 5pm (America/New_York)
[indian-med-africa] → No clear result, continuing...

--- [indian-med-africa] iter 44 | added=16 | Fri May 22 13:15:10 EDT 2026 ---
You've hit your session limit · resets 5pm (America/New_York)
[indian-med-africa] → No clear result, continuing...

--- [indian-med-africa] iter 45 | added=16 | Fri May 22 13:16:00 EDT 2026 ---
You've hit your session limit · resets 5pm (America/New_York)
[indian-med-africa] → No clear result, continuing...

--- [indian-med-africa] iter 46 | added=16 | Fri May 22 13:16:48 EDT 2026 ---
You've hit your session limit · resets 5pm (America/New_York)
[indian-med-africa] → No clear result, continuing...

--- [indian-med-africa] iter 47 | added=16 | Fri May 22 13:17:36 EDT 2026 ---
You've hit your session limit · resets 5pm (America/New_York)
[indian-med-africa] → No clear result, continuing...

--- [indian-med-africa] iter 48 | added=16 | Fri May 22 13:18:25 EDT 2026 ---
You've hit your session limit · resets 5pm (America/New_York)
[indian-med-africa] → No clear result, continuing...

--- [indian-med-africa] iter 49 | added=16 | Fri May 22 13:19:14 EDT 2026 ---
You've hit your session limit · resets 5pm (America/New_York)
[indian-med-africa] → No clear result, continuing...

--- [indian-med-africa] iter 50 | added=16 | Fri May 22 13:20:02 EDT 2026 ---
You've hit your session limit · resets 5pm (America/New_York)
[indian-med-africa] → No clear result, continuing...

--- [indian-med-africa] iter 51 | added=16 | Fri May 22 13:20:52 EDT 2026 ---
You've hit your session limit · resets 5pm (America/New_York)
[indian-med-africa] → No clear result, continuing...

--- [indian-med-africa] iter 52 | added=16 | Fri May 22 13:21:40 EDT 2026 ---
You've hit your session limit · resets 5pm (America/New_York)
[indian-med-africa] → No clear result, continuing...

--- [indian-med-africa] iter 53 | added=16 | Fri May 22 13:22:29 EDT 2026 ---
You've hit your session limit · resets 5pm (America/New_York)
[indian-med-africa] → No clear result, continuing...

--- [indian-med-africa] iter 54 | added=16 | Fri May 22 13:23:17 EDT 2026 ---
You've hit your session limit · resets 5pm (America/New_York)
[indian-med-africa] → No clear result, continuing...

--- [indian-med-africa] iter 55 | added=16 | Fri May 22 13:24:06 EDT 2026 ---
You've hit your session limit · resets 5pm (America/New_York)
[indian-med-africa] → No clear result, continuing...

--- [indian-med-africa] iter 56 | added=16 | Fri May 22 13:24:54 EDT 2026 ---
You've hit your session limit · resets 5pm (America/New_York)
[indian-med-africa] → No clear result, continuing...

--- [indian-med-africa] iter 57 | added=16 | Fri May 22 13:25:44 EDT 2026 ---
You've hit your session limit · resets 5pm (America/New_York)
[indian-med-africa] → No clear result, continuing...

--- [indian-med-africa] iter 58 | added=16 | Fri May 22 13:26:38 EDT 2026 ---
You've hit your session limit · resets 5pm (America/New_York)
[indian-med-africa] → No clear result, continuing...

--- [indian-med-africa] iter 59 | added=16 | Fri May 22 13:27:31 EDT 2026 ---
You've hit your session limit · resets 5pm (America/New_York)
[indian-med-africa] → No clear result, continuing...

--- [indian-med-africa] iter 60 | added=16 | Fri May 22 13:28:25 EDT 2026 ---
You've hit your session limit · resets 5pm (America/New_York)
[indian-med-africa] → No clear result, continuing...

--- [indian-med-africa] iter 61 | added=16 | Fri May 22 13:29:15 EDT 2026 ---
You've hit your session limit · resets 5pm (America/New_York)
[indian-med-africa] → No clear result, continuing...

--- [indian-med-africa] iter 62 | added=16 | Fri May 22 13:30:06 EDT 2026 ---
You've hit your session limit · resets 5pm (America/New_York)
[indian-med-africa] → No clear result, continuing...

--- [indian-med-africa] iter 63 | added=16 | Fri May 22 13:31:06 EDT 2026 ---
You've hit your session limit · resets 5pm (America/New_York)
[indian-med-africa] → No clear result, continuing...

--- [indian-med-africa] iter 64 | added=16 | Fri May 22 13:31:57 EDT 2026 ---
You've hit your session limit · resets 5pm (America/New_York)
[indian-med-africa] → No clear result, continuing...

--- [indian-med-africa] iter 65 | added=16 | Fri May 22 13:32:46 EDT 2026 ---
You've hit your session limit · resets 5pm (America/New_York)
[indian-med-africa] → No clear result, continuing...

--- [indian-med-africa] iter 66 | added=16 | Fri May 22 13:33:37 EDT 2026 ---
You've hit your session limit · resets 5pm (America/New_York)
[indian-med-africa] → No clear result, continuing...

--- [indian-med-africa] iter 67 | added=16 | Fri May 22 13:34:28 EDT 2026 ---
You've hit your session limit · resets 5pm (America/New_York)
[indian-med-africa] → No clear result, continuing...

--- [indian-med-africa] iter 68 | added=16 | Fri May 22 13:35:18 EDT 2026 ---
You've hit your session limit · resets 5pm (America/New_York)
[indian-med-africa] → No clear result, continuing...

--- [indian-med-africa] iter 69 | added=16 | Fri May 22 13:36:08 EDT 2026 ---
You've hit your session limit · resets 5pm (America/New_York)
[indian-med-africa] → No clear result, continuing...

--- [indian-med-africa] iter 70 | added=16 | Fri May 22 13:36:59 EDT 2026 ---
You've hit your session limit · resets 5pm (America/New_York)
[indian-med-africa] → No clear result, continuing...

--- [indian-med-africa] iter 71 | added=16 | Fri May 22 13:37:49 EDT 2026 ---
You've hit your session limit · resets 5pm (America/New_York)
[indian-med-africa] → No clear result, continuing...

--- [indian-med-africa] iter 72 | added=16 | Fri May 22 13:38:39 EDT 2026 ---
You've hit your session limit · resets 5pm (America/New_York)
[indian-med-africa] → No clear result, continuing...

--- [indian-med-africa] iter 73 | added=16 | Fri May 22 13:39:29 EDT 2026 ---
You've hit your session limit · resets 5pm (America/New_York)
[indian-med-africa] → No clear result, continuing...

--- [indian-med-africa] iter 74 | added=16 | Fri May 22 13:40:19 EDT 2026 ---
You've hit your session limit · resets 5pm (America/New_York)
[indian-med-africa] → No clear result, continuing...

--- [indian-med-africa] iter 75 | added=16 | Fri May 22 13:41:08 EDT 2026 ---
You've hit your session limit · resets 5pm (America/New_York)
[indian-med-africa] → No clear result, continuing...

--- [indian-med-africa] iter 76 | added=16 | Fri May 22 13:41:58 EDT 2026 ---
You've hit your session limit · resets 5pm (America/New_York)
[indian-med-africa] → No clear result, continuing...

--- [indian-med-africa] iter 77 | added=16 | Fri May 22 13:42:47 EDT 2026 ---
You've hit your session limit · resets 5pm (America/New_York)
[indian-med-africa] → No clear result, continuing...

--- [indian-med-africa] iter 78 | added=16 | Fri May 22 13:43:36 EDT 2026 ---
You've hit your session limit · resets 5pm (America/New_York)
[indian-med-africa] → No clear result, continuing...

--- [indian-med-africa] iter 79 | added=16 | Fri May 22 13:44:25 EDT 2026 ---
You've hit your session limit · resets 5pm (America/New_York)
[indian-med-africa] → No clear result, continuing...

--- [indian-med-africa] iter 80 | added=16 | Fri May 22 13:45:14 EDT 2026 ---
You've hit your session limit · resets 5pm (America/New_York)
[indian-med-africa] → No clear result, continuing...

--- [indian-med-africa] iter 81 | added=16 | Fri May 22 13:46:03 EDT 2026 ---
You've hit your session limit · resets 5pm (America/New_York)
[indian-med-africa] → No clear result, continuing...

--- [indian-med-africa] iter 82 | added=16 | Fri May 22 13:46:53 EDT 2026 ---
You've hit your session limit · resets 5pm (America/New_York)
[indian-med-africa] → No clear result, continuing...

--- [indian-med-africa] iter 83 | added=16 | Fri May 22 13:47:42 EDT 2026 ---
You've hit your session limit · resets 5pm (America/New_York)
[indian-med-africa] → No clear result, continuing...

--- [indian-med-africa] iter 84 | added=16 | Fri May 22 13:48:32 EDT 2026 ---
You've hit your session limit · resets 5pm (America/New_York)
[indian-med-africa] → No clear result, continuing...

--- [indian-med-africa] iter 85 | added=16 | Fri May 22 13:49:21 EDT 2026 ---
You've hit your session limit · resets 5pm (America/New_York)
[indian-med-africa] → No clear result, continuing...

--- [indian-med-africa] iter 86 | added=16 | Fri May 22 13:50:10 EDT 2026 ---
You've hit your session limit · resets 5pm (America/New_York)
[indian-med-africa] → No clear result, continuing...

--- [indian-med-africa] iter 87 | added=16 | Fri May 22 13:50:58 EDT 2026 ---
You've hit your session limit · resets 5pm (America/New_York)
[indian-med-africa] → No clear result, continuing...

--- [indian-med-africa] iter 88 | added=16 | Fri May 22 13:51:47 EDT 2026 ---
You've hit your session limit · resets 5pm (America/New_York)
[indian-med-africa] → No clear result, continuing...

--- [indian-med-africa] iter 89 | added=16 | Fri May 22 13:52:36 EDT 2026 ---
You've hit your session limit · resets 5pm (America/New_York)
[indian-med-africa] → No clear result, continuing...

--- [indian-med-africa] iter 90 | added=16 | Fri May 22 13:53:25 EDT 2026 ---
You've hit your session limit · resets 5pm (America/New_York)
[indian-med-africa] → No clear result, continuing...

--- [indian-med-africa] iter 91 | added=16 | Fri May 22 13:54:13 EDT 2026 ---
You've hit your session limit · resets 5pm (America/New_York)
[indian-med-africa] → No clear result, continuing...

--- [indian-med-africa] iter 92 | added=16 | Fri May 22 13:55:04 EDT 2026 ---
You've hit your session limit · resets 5pm (America/New_York)
[indian-med-africa] → No clear result, continuing...

--- [indian-med-africa] iter 93 | added=16 | Fri May 22 13:56:07 EDT 2026 ---
You've hit your session limit · resets 5pm (America/New_York)
[indian-med-africa] → No clear result, continuing...

--- [indian-med-africa] iter 94 | added=16 | Fri May 22 13:57:09 EDT 2026 ---
You've hit your session limit · resets 5pm (America/New_York)
[indian-med-africa] → No clear result, continuing...

--- [indian-med-africa] iter 95 | added=16 | Fri May 22 13:59:04 EDT 2026 ---
You've hit your session limit · resets 5pm (America/New_York)
[indian-med-africa] → No clear result, continuing...

--- [indian-med-africa] iter 96 | added=16 | Fri May 22 14:00:15 EDT 2026 ---
You've hit your session limit · resets 5pm (America/New_York)
[indian-med-africa] → No clear result, continuing...

--- [indian-med-africa] iter 97 | added=16 | Fri May 22 14:01:17 EDT 2026 ---
You've hit your session limit · resets 5pm (America/New_York)
[indian-med-africa] → No clear result, continuing...

--- [indian-med-africa] iter 98 | added=16 | Fri May 22 14:02:06 EDT 2026 ---
You've hit your session limit · resets 5pm (America/New_York)
[indian-med-africa] → No clear result, continuing...

--- [indian-med-africa] iter 99 | added=16 | Fri May 22 14:02:56 EDT 2026 ---
You've hit your session limit · resets 5pm (America/New_York)
[indian-med-africa] → No clear result, continuing...

--- [indian-med-africa] iter 100 | added=16 | Fri May 22 14:03:44 EDT 2026 ---
You've hit your session limit · resets 5pm (America/New_York)
[indian-med-africa] → No clear result, continuing...

--- [indian-med-africa] iter 101 | added=16 | Fri May 22 14:04:33 EDT 2026 ---
You've hit your session limit · resets 5pm (America/New_York)
[indian-med-africa] → No clear result, continuing...

--- [indian-med-africa] iter 102 | added=16 | Fri May 22 14:05:22 EDT 2026 ---
You've hit your session limit · resets 5pm (America/New_York)
[indian-med-africa] → No clear result, continuing...

--- [indian-med-africa] iter 103 | added=16 | Fri May 22 14:06:10 EDT 2026 ---
You've hit your session limit · resets 5pm (America/New_York)
[indian-med-africa] → No clear result, continuing...

--- [indian-med-africa] iter 104 | added=16 | Fri May 22 14:06:59 EDT 2026 ---
You've hit your session limit · resets 5pm (America/New_York)
[indian-med-africa] → No clear result, continuing...

--- [indian-med-africa] iter 105 | added=16 | Fri May 22 14:07:48 EDT 2026 ---
You've hit your session limit · resets 5pm (America/New_York)
[indian-med-africa] → No clear result, continuing...

--- [indian-med-africa] iter 106 | added=16 | Fri May 22 14:08:37 EDT 2026 ---
You've hit your session limit · resets 5pm (America/New_York)
[indian-med-africa] → No clear result, continuing...

--- [indian-med-africa] iter 107 | added=16 | Fri May 22 14:09:25 EDT 2026 ---
You've hit your session limit · resets 5pm (America/New_York)
[indian-med-africa] → No clear result, continuing...

--- [indian-med-africa] iter 108 | added=16 | Fri May 22 14:10:14 EDT 2026 ---
You've hit your session limit · resets 5pm (America/New_York)
[indian-med-africa] → No clear result, continuing...

--- [indian-med-africa] iter 109 | added=16 | Fri May 22 14:11:03 EDT 2026 ---
You've hit your session limit · resets 5pm (America/New_York)
[indian-med-africa] → No clear result, continuing...

--- [indian-med-africa] iter 110 | added=16 | Fri May 22 14:11:52 EDT 2026 ---
You've hit your session limit · resets 5pm (America/New_York)
[indian-med-africa] → No clear result, continuing...

--- [indian-med-africa] iter 111 | added=16 | Fri May 22 14:12:40 EDT 2026 ---
You've hit your session limit · resets 5pm (America/New_York)
[indian-med-africa] → No clear result, continuing...

--- [indian-med-africa] iter 112 | added=16 | Fri May 22 14:13:28 EDT 2026 ---
You've hit your session limit · resets 5pm (America/New_York)
[indian-med-africa] → No clear result, continuing...

--- [indian-med-africa] iter 113 | added=16 | Fri May 22 14:14:17 EDT 2026 ---
You've hit your session limit · resets 5pm (America/New_York)
[indian-med-africa] → No clear result, continuing...

--- [indian-med-africa] iter 114 | added=16 | Fri May 22 14:15:06 EDT 2026 ---
You've hit your session limit · resets 5pm (America/New_York)
[indian-med-africa] → No clear result, continuing...

--- [indian-med-africa] iter 115 | added=16 | Fri May 22 14:15:54 EDT 2026 ---
You've hit your session limit · resets 5pm (America/New_York)
[indian-med-africa] → No clear result, continuing...

--- [indian-med-africa] iter 116 | added=16 | Fri May 22 14:16:43 EDT 2026 ---
You've hit your session limit · resets 5pm (America/New_York)
[indian-med-africa] → No clear result, continuing...

--- [indian-med-africa] iter 117 | added=16 | Fri May 22 14:17:31 EDT 2026 ---
You've hit your session limit · resets 5pm (America/New_York)
[indian-med-africa] → No clear result, continuing...

--- [indian-med-africa] iter 118 | added=16 | Fri May 22 14:18:20 EDT 2026 ---
You've hit your session limit · resets 5pm (America/New_York)
[indian-med-africa] → No clear result, continuing...

--- [indian-med-africa] iter 119 | added=16 | Fri May 22 14:19:10 EDT 2026 ---
You've hit your session limit · resets 5pm (America/New_York)
[indian-med-africa] → No clear result, continuing...

--- [indian-med-africa] iter 120 | added=16 | Fri May 22 14:19:59 EDT 2026 ---
You've hit your session limit · resets 5pm (America/New_York)
[indian-med-africa] → No clear result, continuing...

--- [indian-med-africa] iter 121 | added=16 | Fri May 22 14:20:48 EDT 2026 ---
You've hit your session limit · resets 5pm (America/New_York)
[indian-med-africa] → No clear result, continuing...

--- [indian-med-africa] iter 122 | added=16 | Fri May 22 14:21:47 EDT 2026 ---
You've hit your session limit · resets 5pm (America/New_York)
[indian-med-africa] → No clear result, continuing...

--- [indian-med-africa] iter 123 | added=16 | Fri May 22 14:22:37 EDT 2026 ---
You've hit your session limit · resets 5pm (America/New_York)
[indian-med-africa] → No clear result, continuing...

--- [indian-med-africa] iter 124 | added=16 | Fri May 22 14:23:26 EDT 2026 ---
You've hit your session limit · resets 5pm (America/New_York)
[indian-med-africa] → No clear result, continuing...

--- [indian-med-africa] iter 125 | added=16 | Fri May 22 14:24:15 EDT 2026 ---
You've hit your session limit · resets 5pm (America/New_York)
[indian-med-africa] → No clear result, continuing...

--- [indian-med-africa] iter 126 | added=16 | Fri May 22 14:25:03 EDT 2026 ---
You've hit your session limit · resets 5pm (America/New_York)
[indian-med-africa] → No clear result, continuing...

--- [indian-med-africa] iter 127 | added=16 | Fri May 22 14:25:52 EDT 2026 ---
You've hit your session limit · resets 5pm (America/New_York)
[indian-med-africa] → No clear result, continuing...

--- [indian-med-africa] iter 128 | added=16 | Fri May 22 14:26:41 EDT 2026 ---
You've hit your session limit · resets 5pm (America/New_York)
[indian-med-africa] → No clear result, continuing...

--- [indian-med-africa] iter 129 | added=16 | Fri May 22 14:27:56 EDT 2026 ---
You've hit your session limit · resets 5pm (America/New_York)
[indian-med-africa] → No clear result, continuing...

--- [indian-med-africa] iter 130 | added=16 | Fri May 22 14:29:32 EDT 2026 ---
You've hit your session limit · resets 5pm (America/New_York)
[indian-med-africa] → No clear result, continuing...

--- [indian-med-africa] iter 131 | added=16 | Fri May 22 14:30:22 EDT 2026 ---
You've hit your session limit · resets 5pm (America/New_York)
[indian-med-africa] → No clear result, continuing...

--- [indian-med-africa] iter 132 | added=16 | Fri May 22 14:31:12 EDT 2026 ---
You've hit your session limit · resets 5pm (America/New_York)
[indian-med-africa] → No clear result, continuing...

--- [indian-med-africa] iter 133 | added=16 | Fri May 22 14:32:02 EDT 2026 ---
You've hit your session limit · resets 5pm (America/New_York)
[indian-med-africa] → No clear result, continuing...

--- [indian-med-africa] iter 134 | added=16 | Fri May 22 14:32:51 EDT 2026 ---
You've hit your session limit · resets 5pm (America/New_York)
[indian-med-africa] → No clear result, continuing...

--- [indian-med-africa] iter 135 | added=16 | Fri May 22 14:33:40 EDT 2026 ---
You've hit your session limit · resets 5pm (America/New_York)
[indian-med-africa] → No clear result, continuing...

--- [indian-med-africa] iter 136 | added=16 | Fri May 22 14:34:31 EDT 2026 ---
You've hit your session limit · resets 5pm (America/New_York)
[indian-med-africa] → No clear result, continuing...

--- [indian-med-africa] iter 137 | added=16 | Fri May 22 14:35:21 EDT 2026 ---
You've hit your session limit · resets 5pm (America/New_York)
[indian-med-africa] → No clear result, continuing...

--- [indian-med-africa] iter 138 | added=16 | Fri May 22 14:36:10 EDT 2026 ---
You've hit your session limit · resets 5pm (America/New_York)
[indian-med-africa] → No clear result, continuing...

--- [indian-med-africa] iter 139 | added=16 | Fri May 22 14:36:59 EDT 2026 ---
You've hit your session limit · resets 5pm (America/New_York)
[indian-med-africa] → No clear result, continuing...

--- [indian-med-africa] iter 140 | added=16 | Fri May 22 14:37:49 EDT 2026 ---
You've hit your session limit · resets 5pm (America/New_York)
[indian-med-africa] → No clear result, continuing...

--- [indian-med-africa] iter 141 | added=16 | Fri May 22 14:38:39 EDT 2026 ---
You've hit your session limit · resets 5pm (America/New_York)
[indian-med-africa] → No clear result, continuing...

--- [indian-med-africa] iter 142 | added=16 | Fri May 22 14:39:29 EDT 2026 ---
You've hit your session limit · resets 5pm (America/New_York)
[indian-med-africa] → No clear result, continuing...

--- [indian-med-africa] iter 143 | added=16 | Fri May 22 14:40:20 EDT 2026 ---
You've hit your session limit · resets 5pm (America/New_York)
[indian-med-africa] → No clear result, continuing...

--- [indian-med-africa] iter 144 | added=16 | Fri May 22 14:41:32 EDT 2026 ---
You've hit your session limit · resets 5pm (America/New_York)
[indian-med-africa] → No clear result, continuing...

--- [indian-med-africa] iter 145 | added=16 | Fri May 22 14:42:31 EDT 2026 ---
You've hit your session limit · resets 5pm (America/New_York)
[indian-med-africa] → No clear result, continuing...

--- [indian-med-africa] iter 146 | added=16 | Fri May 22 14:43:20 EDT 2026 ---
You've hit your session limit · resets 5pm (America/New_York)
[indian-med-africa] → No clear result, continuing...

--- [indian-med-africa] iter 147 | added=16 | Fri May 22 14:44:11 EDT 2026 ---
You've hit your session limit · resets 5pm (America/New_York)
[indian-med-africa] → No clear result, continuing...

--- [indian-med-africa] iter 148 | added=16 | Fri May 22 14:44:59 EDT 2026 ---
You've hit your session limit · resets 5pm (America/New_York)
[indian-med-africa] → No clear result, continuing...

--- [indian-med-africa] iter 149 | added=16 | Fri May 22 14:45:49 EDT 2026 ---
You've hit your session limit · resets 5pm (America/New_York)
[indian-med-africa] → No clear result, continuing...

--- [indian-med-africa] iter 150 | added=16 | Fri May 22 14:46:38 EDT 2026 ---
You've hit your session limit · resets 5pm (America/New_York)
[indian-med-africa] → No clear result, continuing...

--- [indian-med-africa] iter 151 | added=16 | Fri May 22 14:47:28 EDT 2026 ---
You've hit your session limit · resets 5pm (America/New_York)
[indian-med-africa] → No clear result, continuing...

--- [indian-med-africa] iter 152 | added=16 | Fri May 22 14:48:16 EDT 2026 ---
You've hit your session limit · resets 5pm (America/New_York)
[indian-med-africa] → No clear result, continuing...

--- [indian-med-africa] iter 153 | added=16 | Fri May 22 14:49:05 EDT 2026 ---
You've hit your session limit · resets 5pm (America/New_York)
[indian-med-africa] → No clear result, continuing...

--- [indian-med-africa] iter 154 | added=16 | Fri May 22 14:49:56 EDT 2026 ---
You've hit your session limit · resets 5pm (America/New_York)
[indian-med-africa] → No clear result, continuing...

--- [indian-med-africa] iter 155 | added=16 | Fri May 22 14:50:46 EDT 2026 ---
You've hit your session limit · resets 5pm (America/New_York)
[indian-med-africa] → No clear result, continuing...

--- [indian-med-africa] iter 156 | added=16 | Fri May 22 14:51:34 EDT 2026 ---
You've hit your session limit · resets 5pm (America/New_York)
[indian-med-africa] → No clear result, continuing...

--- [indian-med-africa] iter 157 | added=16 | Fri May 22 14:52:23 EDT 2026 ---
You've hit your session limit · resets 5pm (America/New_York)
[indian-med-africa] → No clear result, continuing...

--- [indian-med-africa] iter 158 | added=16 | Fri May 22 14:53:11 EDT 2026 ---
You've hit your session limit · resets 5pm (America/New_York)
[indian-med-africa] → No clear result, continuing...

--- [indian-med-africa] iter 159 | added=16 | Fri May 22 14:54:00 EDT 2026 ---
You've hit your session limit · resets 5pm (America/New_York)
[indian-med-africa] → No clear result, continuing...

--- [indian-med-africa] iter 160 | added=16 | Fri May 22 14:54:49 EDT 2026 ---
You've hit your session limit · resets 5pm (America/New_York)
[indian-med-africa] → No clear result, continuing...

--- [indian-med-africa] iter 161 | added=16 | Fri May 22 14:55:40 EDT 2026 ---
You've hit your session limit · resets 5pm (America/New_York)
[indian-med-africa] → No clear result, continuing...

--- [indian-med-africa] iter 162 | added=16 | Fri May 22 14:56:34 EDT 2026 ---
You've hit your session limit · resets 5pm (America/New_York)
[indian-med-africa] → No clear result, continuing...

--- [indian-med-africa] iter 163 | added=16 | Fri May 22 14:57:23 EDT 2026 ---
You've hit your session limit · resets 5pm (America/New_York)
[indian-med-africa] → No clear result, continuing...

--- [indian-med-africa] iter 164 | added=16 | Fri May 22 14:58:37 EDT 2026 ---
You've hit your session limit · resets 5pm (America/New_York)
[indian-med-africa] → No clear result, continuing...

--- [indian-med-africa] iter 165 | added=16 | Fri May 22 15:00:34 EDT 2026 ---
You've hit your session limit · resets 5pm (America/New_York)
[indian-med-africa] → No clear result, continuing...

--- [indian-med-africa] iter 166 | added=16 | Fri May 22 15:02:42 EDT 2026 ---
You've hit your session limit · resets 5pm (America/New_York)
[indian-med-africa] → No clear result, continuing...

--- [indian-med-africa] iter 167 | added=16 | Fri May 22 15:10:19 EDT 2026 ---
You've hit your session limit · resets 5pm (America/New_York)
[indian-med-africa] → No clear result, continuing...

--- [indian-med-africa] iter 168 | added=16 | Fri May 22 15:14:07 EDT 2026 ---
You've hit your session limit · resets 5pm (America/New_York)
[indian-med-africa] → No clear result, continuing...

--- [indian-med-africa] iter 169 | added=16 | Fri May 22 15:15:32 EDT 2026 ---
You've hit your session limit · resets 5pm (America/New_York)
[indian-med-africa] → No clear result, continuing...

--- [indian-med-africa] iter 170 | added=16 | Fri May 22 15:16:24 EDT 2026 ---
You've hit your session limit · resets 5pm (America/New_York)
[indian-med-africa] → No clear result, continuing...

--- [indian-med-africa] iter 171 | added=16 | Fri May 22 15:17:13 EDT 2026 ---
You've hit your session limit · resets 5pm (America/New_York)
[indian-med-africa] → No clear result, continuing...

--- [indian-med-africa] iter 172 | added=16 | Fri May 22 15:18:03 EDT 2026 ---
You've hit your session limit · resets 5pm (America/New_York)
[indian-med-africa] → No clear result, continuing...

--- [indian-med-africa] iter 173 | added=16 | Fri May 22 15:18:52 EDT 2026 ---
You've hit your session limit · resets 5pm (America/New_York)
[indian-med-africa] → No clear result, continuing...

--- [indian-med-africa] iter 174 | added=16 | Fri May 22 15:19:41 EDT 2026 ---
You've hit your session limit · resets 5pm (America/New_York)
[indian-med-africa] → No clear result, continuing...

--- [indian-med-africa] iter 175 | added=16 | Fri May 22 15:20:32 EDT 2026 ---
You've hit your session limit · resets 5pm (America/New_York)
[indian-med-africa] → No clear result, continuing...

--- [indian-med-africa] iter 176 | added=16 | Fri May 22 15:21:21 EDT 2026 ---
You've hit your session limit · resets 5pm (America/New_York)
[indian-med-africa] → No clear result, continuing...

--- [indian-med-africa] iter 177 | added=16 | Fri May 22 15:22:10 EDT 2026 ---
You've hit your session limit · resets 5pm (America/New_York)
[indian-med-africa] → No clear result, continuing...
