=== Worker [americas-atlantic] started at Fri May 22 11:18:33 EDT 2026 | focus: Caribbean (all islands), Mexico (Yucatán/Cozumel/Socorro), Belize, Honduras (Bay Islands), Cayman Islands, Costa Rica (Cocos), Panama, Colombia (Malpelo), Ecuador (Galápagos), Brazil, Argentina, USA (Florida/California/East Coast), Canada, Iceland, Azores, Canary Islands, Cape Verde, Madeira, Bermuda, Bahamas ===

--- [americas-atlantic] iter 1 | added=0 | Fri May 22 11:18:33 EDT 2026 ---
DONE: Superman's Flight added successfully
[americas-atlantic] ✓ Added: Superman's Flight added successfully

--- [americas-atlantic] iter 2 | added=1 | Fri May 22 11:22:20 EDT 2026 ---
All 140 entries intact. The added entry passed schema validation (description 419 chars, exactly 12 conditionsByMonth, no fluff words) and the commit pushed cleanly to main.

DONE: Kelleston Drain added successfully

Sources:
- [Kelleston Drain — Destination Trinidad and Tobago](https://www.destinationtnt.com/kelleston-drain/)
- [See the world's largest brain coral at Kelleston Drain — visitTobago](https://visittobago.gov.tt/node/1001)
- [Largest brain coral colony — Guinness World Records](https://www.guinnessworldrecords.com/world-records/92883-largest-brain-coral-colony)
- [The Two Faces of Tobago — DAN Alert Diver](https://dan.org/alert-diver/article/tobago/)
- [Diving in Tobago — DIVEIN](https://www.divein.com/diving/destination/diving-in-tobago/)
- [Little Tobago Island — Key Biodiversity Areas](https://www.keybiodiversityareas.org/site/factsheet/20673)
- [A.N.R. Robinson International Airport — Wikipedia](https://en.wikipedia.org/wiki/A.N.R._Robinson_International_Airport)
[americas-atlantic] ✓ Added: Kelleston Drain added successfully

--- [americas-atlantic] iter 3 | added=2 | Fri May 22 11:26:15 EDT 2026 ---
DONE: El Bajón added successfully

Sources:
- [Diving in El Bajón | El Hierro](https://elhierro.travel/en/what-to-do/el-bajon/)
- [Centro de Buceo El Bajón](https://www.buceoelbajon.com/en/el-bajon/)
- [El Hierro - El Fin del Mundo - DIVE Magazine](https://divemagazine.com/scuba-diving-travel/el-hierro-el-fin-del-mundo)
- [Hotel Sur Restinga - Diving on El Hierro](https://www.surrestinga.net/diving)
- [How to get to El Hierro - Buceo La Restinga](https://buceolarestinga.com/pages/how-to-get-to-el-hierro/)
[americas-atlantic] ✓ Added: El Bajón added successfully

--- [americas-atlantic] iter 4 | added=3 | Fri May 22 11:29:43 EDT 2026 ---
File is valid and the commit is pushed.

DONE: La Pared (The Wall) added successfully
[americas-atlantic] ✓ Added: La Pared (The Wall) added successfully

--- [americas-atlantic] iter 5 | added=4 | Fri May 22 11:33:38 EDT 2026 ---
DONE: USS Spiegel Grove added successfully

Sources:
- [USS Spiegel Grove - Wikipedia](https://en.wikipedia.org/wiki/USS_Spiegel_Grove)
- [Spiegel Grove Wreck - Visit Florida Keys](https://visitfloridakeys.com/experiences/what-were-famous-for/diving-snorkeling/shipwrecks/spiegel-grove)
- [Wikimedia: Shipwreck of USS Spiegel Grove category](https://commons.wikimedia.org/wiki/Category:Shipwreck_of_USS_Spiegel_Grove)
[americas-atlantic] ✓ Added: USS Spiegel Grove added successfully

--- [americas-atlantic] iter 6 | added=5 | Fri May 22 11:38:23 EDT 2026 ---
DONE: Dirty Rock (Roca Sucia) added successfully
[americas-atlantic] ✓ Added: Dirty Rock (Roca Sucia) added successfully

--- [americas-atlantic] iter 7 | added=6 | Fri May 22 11:41:58 EDT 2026 ---
You've hit your session limit · resets 12pm (America/New_York)
[americas-atlantic] → No clear result, continuing...

--- [americas-atlantic] iter 8 | added=6 | Fri May 22 11:46:13 EDT 2026 ---
You've hit your session limit · resets 12pm (America/New_York)
[americas-atlantic] → No clear result, continuing...

--- [americas-atlantic] iter 9 | added=6 | Fri May 22 11:47:02 EDT 2026 ---
You've hit your session limit · resets 12pm (America/New_York)
[americas-atlantic] → No clear result, continuing...

--- [americas-atlantic] iter 10 | added=6 | Fri May 22 11:47:51 EDT 2026 ---
You've hit your session limit · resets 12pm (America/New_York)
[americas-atlantic] → No clear result, continuing...

--- [americas-atlantic] iter 11 | added=6 | Fri May 22 11:48:40 EDT 2026 ---
You've hit your session limit · resets 12pm (America/New_York)
[americas-atlantic] → No clear result, continuing...

--- [americas-atlantic] iter 12 | added=6 | Fri May 22 11:49:29 EDT 2026 ---
You've hit your session limit · resets 12pm (America/New_York)
[americas-atlantic] → No clear result, continuing...

--- [americas-atlantic] iter 13 | added=6 | Fri May 22 11:50:17 EDT 2026 ---
You've hit your session limit · resets 12pm (America/New_York)
[americas-atlantic] → No clear result, continuing...

--- [americas-atlantic] iter 14 | added=6 | Fri May 22 11:51:06 EDT 2026 ---
You've hit your session limit · resets 12pm (America/New_York)
[americas-atlantic] → No clear result, continuing...

--- [americas-atlantic] iter 15 | added=6 | Fri May 22 11:51:54 EDT 2026 ---
You've hit your session limit · resets 12pm (America/New_York)
[americas-atlantic] → No clear result, continuing...

--- [americas-atlantic] iter 16 | added=6 | Fri May 22 11:52:43 EDT 2026 ---
You've hit your session limit · resets 12pm (America/New_York)
[americas-atlantic] → No clear result, continuing...

--- [americas-atlantic] iter 17 | added=6 | Fri May 22 11:53:31 EDT 2026 ---
You've hit your session limit · resets 12pm (America/New_York)
[americas-atlantic] → No clear result, continuing...

--- [americas-atlantic] iter 18 | added=6 | Fri May 22 11:54:20 EDT 2026 ---
You've hit your session limit · resets 12pm (America/New_York)
[americas-atlantic] → No clear result, continuing...

--- [americas-atlantic] iter 19 | added=6 | Fri May 22 11:55:08 EDT 2026 ---
You've hit your session limit · resets 12pm (America/New_York)
[americas-atlantic] → No clear result, continuing...

--- [americas-atlantic] iter 20 | added=6 | Fri May 22 11:55:56 EDT 2026 ---
You've hit your session limit · resets 12pm (America/New_York)
[americas-atlantic] → No clear result, continuing...

--- [americas-atlantic] iter 21 | added=6 | Fri May 22 11:56:44 EDT 2026 ---
You've hit your session limit · resets 12pm (America/New_York)
[americas-atlantic] → No clear result, continuing...

--- [americas-atlantic] iter 22 | added=6 | Fri May 22 11:57:33 EDT 2026 ---
You've hit your session limit · resets 12pm (America/New_York)
[americas-atlantic] → No clear result, continuing...

--- [americas-atlantic] iter 23 | added=6 | Fri May 22 11:58:22 EDT 2026 ---
You've hit your session limit · resets 12pm (America/New_York)
[americas-atlantic] → No clear result, continuing...

--- [americas-atlantic] iter 24 | added=6 | Fri May 22 11:59:11 EDT 2026 ---
You've hit your session limit · resets 12pm (America/New_York)
[americas-atlantic] → No clear result, continuing...

--- [americas-atlantic] iter 25 | added=6 | Fri May 22 11:59:59 EDT 2026 ---
DONE: Molasses Reef added successfully
[americas-atlantic] ✓ Added: Molasses Reef added successfully

--- [americas-atlantic] iter 26 | added=7 | Fri May 22 12:05:21 EDT 2026 ---
DONE: Karpata (Bonaire) added successfully
[americas-atlantic] ✓ Added: Karpata (Bonaire) added successfully

--- [americas-atlantic] iter 27 | added=8 | Fri May 22 12:10:23 EDT 2026 ---
Error: Reached max turns (30)
[americas-atlantic] → No clear result, continuing...

--- [americas-atlantic] iter 28 | added=8 | Fri May 22 12:16:10 EDT 2026 ---
Error: Reached max turns (30)
[americas-atlantic] → No clear result, continuing...

--- [americas-atlantic] iter 29 | added=8 | Fri May 22 12:21:49 EDT 2026 ---
DONE: Pedra Vermelha added successfully

Sources:
- [Diving in Arraial do Cabo | PADI](https://www.padi.com/diving-in/brazil/arraial-do-cabo/)
- [Arraial do Cabo Diving Guide](https://divejourney.io/destinations/arraial-do-cabo-brazil)
- [Diving in Brazil's Caribbean-Like Paradise | Scuba Diving](https://www.scubadiving.com/diving-brazils-caribbean-paradise)
- [Wikimedia Commons: Diving in Arraial do Cabo 04.JPG](https://commons.wikimedia.org/wiki/File:Diving_in_Arraial_do_Cabo_04.JPG)
[americas-atlantic] ✓ Added: Pedra Vermelha added successfully

--- [americas-atlantic] iter 30 | added=9 | Fri May 22 12:32:31 EDT 2026 ---
DONE: Looe Key Reef added successfully

Sources:
- [Looe Key Sanctuary Preservation Area | NOAA](https://floridakeys.noaa.gov/zones/spas/looekey.html)
- [HMS Looe At Looe Key](https://www.florida-keys-vacation.com/HMS-Looe.html)
- [Looe Key - DAN](https://dan.org/alert-diver/article/looe-key/)
- [Elkhorn 01 Looe Key 2010 - Wikimedia](https://commons.wikimedia.org/wiki/File:Elkhorn_01_Looe_Key_2010.jpg)
[americas-atlantic] ✓ Added: Looe Key Reef added successfully

--- [americas-atlantic] iter 31 | added=10 | Fri May 22 12:40:50 EDT 2026 ---
DONE: Cenote Angelita added successfully
[americas-atlantic] ✓ Added: Cenote Angelita added successfully

--- [americas-atlantic] iter 32 | added=11 | Fri May 22 12:46:58 EDT 2026 ---
DONE: USCGC Duane added successfully

Sources:
- [USCGC Duane Wikipedia](https://en.wikipedia.org/wiki/USCGC_Duane_(WPG-33))
- [Duane - Florida Keys National Marine Sanctuary (NOAA)](https://floridakeys.noaa.gov/shipwrecktrail/duane.html)
- [Wikimedia Commons Category: USCGC Duane](https://commons.wikimedia.org/wiki/Category:USCGC_Duane_(WPG-33))
[americas-atlantic] ✓ Added: USCGC Duane added successfully

--- [americas-atlantic] iter 33 | added=12 | Fri May 22 12:51:57 EDT 2026 ---
Error: Reached max turns (30)
[americas-atlantic] → No clear result, continuing...

--- [americas-atlantic] iter 34 | added=12 | Fri May 22 12:59:27 EDT 2026 ---
DONE: RMS Rhone added successfully

Sources:
- [RMS Rhone - Wikipedia](https://en.wikipedia.org/wiki/RMS_Rhone)
- [Shipwreck of RMS Rhone — Wikimedia Commons](https://commons.wikimedia.org/wiki/Category:Shipwreck_of_RMS_Rhone)
- [The Wreck of the RMS Rhone | Dive BVI](https://divebvi.com/rms-rhone/)
- [Dive Site: The RMS Rhone, British Virgin Islands • Scuba Diver Life](https://scubadiverlife.com/dive-site-the-rms-rhone-british-virgin-islands/)
[americas-atlantic] ✓ Added: RMS Rhone added successfully

--- [americas-atlantic] iter 35 | added=13 | Fri May 22 13:04:52 EDT 2026 ---
You've hit your session limit · resets 5pm (America/New_York)
[americas-atlantic] → No clear result, continuing...

--- [americas-atlantic] iter 36 | added=13 | Fri May 22 13:10:22 EDT 2026 ---
You've hit your session limit · resets 5pm (America/New_York)
[americas-atlantic] → No clear result, continuing...

--- [americas-atlantic] iter 37 | added=13 | Fri May 22 13:11:10 EDT 2026 ---
You've hit your session limit · resets 5pm (America/New_York)
[americas-atlantic] → No clear result, continuing...

--- [americas-atlantic] iter 38 | added=13 | Fri May 22 13:11:58 EDT 2026 ---
You've hit your session limit · resets 5pm (America/New_York)
[americas-atlantic] → No clear result, continuing...

--- [americas-atlantic] iter 39 | added=13 | Fri May 22 13:12:46 EDT 2026 ---
You've hit your session limit · resets 5pm (America/New_York)
[americas-atlantic] → No clear result, continuing...

--- [americas-atlantic] iter 40 | added=13 | Fri May 22 13:13:33 EDT 2026 ---
You've hit your session limit · resets 5pm (America/New_York)
[americas-atlantic] → No clear result, continuing...

--- [americas-atlantic] iter 41 | added=13 | Fri May 22 13:14:22 EDT 2026 ---
You've hit your session limit · resets 5pm (America/New_York)
[americas-atlantic] → No clear result, continuing...

--- [americas-atlantic] iter 42 | added=13 | Fri May 22 13:15:10 EDT 2026 ---
You've hit your session limit · resets 5pm (America/New_York)
[americas-atlantic] → No clear result, continuing...

--- [americas-atlantic] iter 43 | added=13 | Fri May 22 13:16:00 EDT 2026 ---
You've hit your session limit · resets 5pm (America/New_York)
[americas-atlantic] → No clear result, continuing...

--- [americas-atlantic] iter 44 | added=13 | Fri May 22 13:16:48 EDT 2026 ---
You've hit your session limit · resets 5pm (America/New_York)
[americas-atlantic] → No clear result, continuing...

--- [americas-atlantic] iter 45 | added=13 | Fri May 22 13:17:37 EDT 2026 ---
You've hit your session limit · resets 5pm (America/New_York)
[americas-atlantic] → No clear result, continuing...

--- [americas-atlantic] iter 46 | added=13 | Fri May 22 13:18:26 EDT 2026 ---
You've hit your session limit · resets 5pm (America/New_York)
[americas-atlantic] → No clear result, continuing...

--- [americas-atlantic] iter 47 | added=13 | Fri May 22 13:19:14 EDT 2026 ---
You've hit your session limit · resets 5pm (America/New_York)
[americas-atlantic] → No clear result, continuing...

--- [americas-atlantic] iter 48 | added=13 | Fri May 22 13:20:03 EDT 2026 ---
You've hit your session limit · resets 5pm (America/New_York)
[americas-atlantic] → No clear result, continuing...

--- [americas-atlantic] iter 49 | added=13 | Fri May 22 13:20:51 EDT 2026 ---
You've hit your session limit · resets 5pm (America/New_York)
[americas-atlantic] → No clear result, continuing...

--- [americas-atlantic] iter 50 | added=13 | Fri May 22 13:21:40 EDT 2026 ---
You've hit your session limit · resets 5pm (America/New_York)
[americas-atlantic] → No clear result, continuing...

--- [americas-atlantic] iter 51 | added=13 | Fri May 22 13:22:29 EDT 2026 ---
You've hit your session limit · resets 5pm (America/New_York)
[americas-atlantic] → No clear result, continuing...

--- [americas-atlantic] iter 52 | added=13 | Fri May 22 13:23:17 EDT 2026 ---
You've hit your session limit · resets 5pm (America/New_York)
[americas-atlantic] → No clear result, continuing...

--- [americas-atlantic] iter 53 | added=13 | Fri May 22 13:24:07 EDT 2026 ---
You've hit your session limit · resets 5pm (America/New_York)
[americas-atlantic] → No clear result, continuing...

--- [americas-atlantic] iter 54 | added=13 | Fri May 22 13:24:55 EDT 2026 ---
You've hit your session limit · resets 5pm (America/New_York)
[americas-atlantic] → No clear result, continuing...

--- [americas-atlantic] iter 55 | added=13 | Fri May 22 13:25:44 EDT 2026 ---
You've hit your session limit · resets 5pm (America/New_York)
[americas-atlantic] → No clear result, continuing...

--- [americas-atlantic] iter 56 | added=13 | Fri May 22 13:26:38 EDT 2026 ---
You've hit your session limit · resets 5pm (America/New_York)
[americas-atlantic] → No clear result, continuing...

--- [americas-atlantic] iter 57 | added=13 | Fri May 22 13:27:31 EDT 2026 ---
You've hit your session limit · resets 5pm (America/New_York)
[americas-atlantic] → No clear result, continuing...

--- [americas-atlantic] iter 58 | added=13 | Fri May 22 13:28:25 EDT 2026 ---
You've hit your session limit · resets 5pm (America/New_York)
[americas-atlantic] → No clear result, continuing...

--- [americas-atlantic] iter 59 | added=13 | Fri May 22 13:29:15 EDT 2026 ---
You've hit your session limit · resets 5pm (America/New_York)
[americas-atlantic] → No clear result, continuing...

--- [americas-atlantic] iter 60 | added=13 | Fri May 22 13:30:06 EDT 2026 ---
You've hit your session limit · resets 5pm (America/New_York)
[americas-atlantic] → No clear result, continuing...

--- [americas-atlantic] iter 61 | added=13 | Fri May 22 13:31:06 EDT 2026 ---
You've hit your session limit · resets 5pm (America/New_York)
[americas-atlantic] → No clear result, continuing...

--- [americas-atlantic] iter 62 | added=13 | Fri May 22 13:31:57 EDT 2026 ---
You've hit your session limit · resets 5pm (America/New_York)
[americas-atlantic] → No clear result, continuing...

--- [americas-atlantic] iter 63 | added=13 | Fri May 22 13:32:46 EDT 2026 ---
You've hit your session limit · resets 5pm (America/New_York)
[americas-atlantic] → No clear result, continuing...

--- [americas-atlantic] iter 64 | added=13 | Fri May 22 13:33:37 EDT 2026 ---
You've hit your session limit · resets 5pm (America/New_York)
[americas-atlantic] → No clear result, continuing...

--- [americas-atlantic] iter 65 | added=13 | Fri May 22 13:34:28 EDT 2026 ---
You've hit your session limit · resets 5pm (America/New_York)
[americas-atlantic] → No clear result, continuing...

--- [americas-atlantic] iter 66 | added=13 | Fri May 22 13:35:18 EDT 2026 ---
You've hit your session limit · resets 5pm (America/New_York)
[americas-atlantic] → No clear result, continuing...

--- [americas-atlantic] iter 67 | added=13 | Fri May 22 13:36:08 EDT 2026 ---
You've hit your session limit · resets 5pm (America/New_York)
[americas-atlantic] → No clear result, continuing...

--- [americas-atlantic] iter 68 | added=13 | Fri May 22 13:36:59 EDT 2026 ---
You've hit your session limit · resets 5pm (America/New_York)
[americas-atlantic] → No clear result, continuing...

--- [americas-atlantic] iter 69 | added=13 | Fri May 22 13:37:49 EDT 2026 ---
You've hit your session limit · resets 5pm (America/New_York)
[americas-atlantic] → No clear result, continuing...

--- [americas-atlantic] iter 70 | added=13 | Fri May 22 13:38:39 EDT 2026 ---
You've hit your session limit · resets 5pm (America/New_York)
[americas-atlantic] → No clear result, continuing...

--- [americas-atlantic] iter 71 | added=13 | Fri May 22 13:39:29 EDT 2026 ---
You've hit your session limit · resets 5pm (America/New_York)
[americas-atlantic] → No clear result, continuing...

--- [americas-atlantic] iter 72 | added=13 | Fri May 22 13:40:19 EDT 2026 ---
You've hit your session limit · resets 5pm (America/New_York)
[americas-atlantic] → No clear result, continuing...

--- [americas-atlantic] iter 73 | added=13 | Fri May 22 13:41:08 EDT 2026 ---
You've hit your session limit · resets 5pm (America/New_York)
[americas-atlantic] → No clear result, continuing...

--- [americas-atlantic] iter 74 | added=13 | Fri May 22 13:41:57 EDT 2026 ---
You've hit your session limit · resets 5pm (America/New_York)
[americas-atlantic] → No clear result, continuing...

--- [americas-atlantic] iter 75 | added=13 | Fri May 22 13:42:47 EDT 2026 ---
You've hit your session limit · resets 5pm (America/New_York)
[americas-atlantic] → No clear result, continuing...

--- [americas-atlantic] iter 76 | added=13 | Fri May 22 13:43:36 EDT 2026 ---
You've hit your session limit · resets 5pm (America/New_York)
[americas-atlantic] → No clear result, continuing...

--- [americas-atlantic] iter 77 | added=13 | Fri May 22 13:44:25 EDT 2026 ---
You've hit your session limit · resets 5pm (America/New_York)
[americas-atlantic] → No clear result, continuing...

--- [americas-atlantic] iter 78 | added=13 | Fri May 22 13:45:15 EDT 2026 ---
You've hit your session limit · resets 5pm (America/New_York)
[americas-atlantic] → No clear result, continuing...

--- [americas-atlantic] iter 79 | added=13 | Fri May 22 13:46:03 EDT 2026 ---
You've hit your session limit · resets 5pm (America/New_York)
[americas-atlantic] → No clear result, continuing...

--- [americas-atlantic] iter 80 | added=13 | Fri May 22 13:46:52 EDT 2026 ---
You've hit your session limit · resets 5pm (America/New_York)
[americas-atlantic] → No clear result, continuing...

--- [americas-atlantic] iter 81 | added=13 | Fri May 22 13:47:42 EDT 2026 ---
You've hit your session limit · resets 5pm (America/New_York)
[americas-atlantic] → No clear result, continuing...

--- [americas-atlantic] iter 82 | added=13 | Fri May 22 13:48:32 EDT 2026 ---
You've hit your session limit · resets 5pm (America/New_York)
[americas-atlantic] → No clear result, continuing...

--- [americas-atlantic] iter 83 | added=13 | Fri May 22 13:49:21 EDT 2026 ---
You've hit your session limit · resets 5pm (America/New_York)
[americas-atlantic] → No clear result, continuing...

--- [americas-atlantic] iter 84 | added=13 | Fri May 22 13:50:09 EDT 2026 ---
You've hit your session limit · resets 5pm (America/New_York)
[americas-atlantic] → No clear result, continuing...

--- [americas-atlantic] iter 85 | added=13 | Fri May 22 13:50:58 EDT 2026 ---
You've hit your session limit · resets 5pm (America/New_York)
[americas-atlantic] → No clear result, continuing...

--- [americas-atlantic] iter 86 | added=13 | Fri May 22 13:51:47 EDT 2026 ---
You've hit your session limit · resets 5pm (America/New_York)
[americas-atlantic] → No clear result, continuing...

--- [americas-atlantic] iter 87 | added=13 | Fri May 22 13:52:36 EDT 2026 ---
You've hit your session limit · resets 5pm (America/New_York)
[americas-atlantic] → No clear result, continuing...

--- [americas-atlantic] iter 88 | added=13 | Fri May 22 13:53:25 EDT 2026 ---
You've hit your session limit · resets 5pm (America/New_York)
[americas-atlantic] → No clear result, continuing...

--- [americas-atlantic] iter 89 | added=13 | Fri May 22 13:54:13 EDT 2026 ---
You've hit your session limit · resets 5pm (America/New_York)
[americas-atlantic] → No clear result, continuing...

--- [americas-atlantic] iter 90 | added=13 | Fri May 22 13:55:04 EDT 2026 ---
You've hit your session limit · resets 5pm (America/New_York)
[americas-atlantic] → No clear result, continuing...

--- [americas-atlantic] iter 91 | added=13 | Fri May 22 13:56:07 EDT 2026 ---
You've hit your session limit · resets 5pm (America/New_York)
[americas-atlantic] → No clear result, continuing...

--- [americas-atlantic] iter 92 | added=13 | Fri May 22 13:57:09 EDT 2026 ---
You've hit your session limit · resets 5pm (America/New_York)
[americas-atlantic] → No clear result, continuing...

--- [americas-atlantic] iter 93 | added=13 | Fri May 22 13:59:04 EDT 2026 ---
You've hit your session limit · resets 5pm (America/New_York)
[americas-atlantic] → No clear result, continuing...

--- [americas-atlantic] iter 94 | added=13 | Fri May 22 14:00:15 EDT 2026 ---
You've hit your session limit · resets 5pm (America/New_York)
[americas-atlantic] → No clear result, continuing...

--- [americas-atlantic] iter 95 | added=13 | Fri May 22 14:01:17 EDT 2026 ---
You've hit your session limit · resets 5pm (America/New_York)
[americas-atlantic] → No clear result, continuing...

--- [americas-atlantic] iter 96 | added=13 | Fri May 22 14:02:06 EDT 2026 ---
You've hit your session limit · resets 5pm (America/New_York)
[americas-atlantic] → No clear result, continuing...

--- [americas-atlantic] iter 97 | added=13 | Fri May 22 14:02:56 EDT 2026 ---
You've hit your session limit · resets 5pm (America/New_York)
[americas-atlantic] → No clear result, continuing...

--- [americas-atlantic] iter 98 | added=13 | Fri May 22 14:03:45 EDT 2026 ---
You've hit your session limit · resets 5pm (America/New_York)
[americas-atlantic] → No clear result, continuing...

--- [americas-atlantic] iter 99 | added=13 | Fri May 22 14:04:33 EDT 2026 ---
You've hit your session limit · resets 5pm (America/New_York)
[americas-atlantic] → No clear result, continuing...

--- [americas-atlantic] iter 100 | added=13 | Fri May 22 14:05:22 EDT 2026 ---
You've hit your session limit · resets 5pm (America/New_York)
[americas-atlantic] → No clear result, continuing...

--- [americas-atlantic] iter 101 | added=13 | Fri May 22 14:06:10 EDT 2026 ---
You've hit your session limit · resets 5pm (America/New_York)
[americas-atlantic] → No clear result, continuing...

--- [americas-atlantic] iter 102 | added=13 | Fri May 22 14:06:59 EDT 2026 ---
You've hit your session limit · resets 5pm (America/New_York)
[americas-atlantic] → No clear result, continuing...

--- [americas-atlantic] iter 103 | added=13 | Fri May 22 14:07:48 EDT 2026 ---
You've hit your session limit · resets 5pm (America/New_York)
[americas-atlantic] → No clear result, continuing...

--- [americas-atlantic] iter 104 | added=13 | Fri May 22 14:08:36 EDT 2026 ---
You've hit your session limit · resets 5pm (America/New_York)
[americas-atlantic] → No clear result, continuing...

--- [americas-atlantic] iter 105 | added=13 | Fri May 22 14:09:25 EDT 2026 ---
You've hit your session limit · resets 5pm (America/New_York)
[americas-atlantic] → No clear result, continuing...

--- [americas-atlantic] iter 106 | added=13 | Fri May 22 14:10:13 EDT 2026 ---
You've hit your session limit · resets 5pm (America/New_York)
[americas-atlantic] → No clear result, continuing...

--- [americas-atlantic] iter 107 | added=13 | Fri May 22 14:11:02 EDT 2026 ---
You've hit your session limit · resets 5pm (America/New_York)
[americas-atlantic] → No clear result, continuing...

--- [americas-atlantic] iter 108 | added=13 | Fri May 22 14:11:51 EDT 2026 ---
You've hit your session limit · resets 5pm (America/New_York)
[americas-atlantic] → No clear result, continuing...

--- [americas-atlantic] iter 109 | added=13 | Fri May 22 14:12:40 EDT 2026 ---
You've hit your session limit · resets 5pm (America/New_York)
[americas-atlantic] → No clear result, continuing...

--- [americas-atlantic] iter 110 | added=13 | Fri May 22 14:13:28 EDT 2026 ---
You've hit your session limit · resets 5pm (America/New_York)
[americas-atlantic] → No clear result, continuing...

--- [americas-atlantic] iter 111 | added=13 | Fri May 22 14:14:17 EDT 2026 ---
You've hit your session limit · resets 5pm (America/New_York)
[americas-atlantic] → No clear result, continuing...

--- [americas-atlantic] iter 112 | added=13 | Fri May 22 14:15:05 EDT 2026 ---
You've hit your session limit · resets 5pm (America/New_York)
[americas-atlantic] → No clear result, continuing...

--- [americas-atlantic] iter 113 | added=13 | Fri May 22 14:15:54 EDT 2026 ---
You've hit your session limit · resets 5pm (America/New_York)
[americas-atlantic] → No clear result, continuing...

--- [americas-atlantic] iter 114 | added=13 | Fri May 22 14:16:43 EDT 2026 ---
You've hit your session limit · resets 5pm (America/New_York)
[americas-atlantic] → No clear result, continuing...

--- [americas-atlantic] iter 115 | added=13 | Fri May 22 14:17:31 EDT 2026 ---
You've hit your session limit · resets 5pm (America/New_York)
[americas-atlantic] → No clear result, continuing...

--- [americas-atlantic] iter 116 | added=13 | Fri May 22 14:18:20 EDT 2026 ---
You've hit your session limit · resets 5pm (America/New_York)
[americas-atlantic] → No clear result, continuing...

--- [americas-atlantic] iter 117 | added=13 | Fri May 22 14:19:10 EDT 2026 ---
You've hit your session limit · resets 5pm (America/New_York)
[americas-atlantic] → No clear result, continuing...

--- [americas-atlantic] iter 118 | added=13 | Fri May 22 14:19:59 EDT 2026 ---
You've hit your session limit · resets 5pm (America/New_York)
[americas-atlantic] → No clear result, continuing...

--- [americas-atlantic] iter 119 | added=13 | Fri May 22 14:20:48 EDT 2026 ---
You've hit your session limit · resets 5pm (America/New_York)
[americas-atlantic] → No clear result, continuing...

--- [americas-atlantic] iter 120 | added=13 | Fri May 22 14:21:47 EDT 2026 ---
You've hit your session limit · resets 5pm (America/New_York)
[americas-atlantic] → No clear result, continuing...

--- [americas-atlantic] iter 121 | added=13 | Fri May 22 14:22:37 EDT 2026 ---
You've hit your session limit · resets 5pm (America/New_York)
[americas-atlantic] → No clear result, continuing...

--- [americas-atlantic] iter 122 | added=13 | Fri May 22 14:23:26 EDT 2026 ---
You've hit your session limit · resets 5pm (America/New_York)
[americas-atlantic] → No clear result, continuing...

--- [americas-atlantic] iter 123 | added=13 | Fri May 22 14:24:15 EDT 2026 ---
You've hit your session limit · resets 5pm (America/New_York)
[americas-atlantic] → No clear result, continuing...

--- [americas-atlantic] iter 124 | added=13 | Fri May 22 14:25:03 EDT 2026 ---
You've hit your session limit · resets 5pm (America/New_York)
[americas-atlantic] → No clear result, continuing...

--- [americas-atlantic] iter 125 | added=13 | Fri May 22 14:25:52 EDT 2026 ---
You've hit your session limit · resets 5pm (America/New_York)
[americas-atlantic] → No clear result, continuing...

--- [americas-atlantic] iter 126 | added=13 | Fri May 22 14:26:42 EDT 2026 ---
You've hit your session limit · resets 5pm (America/New_York)
[americas-atlantic] → No clear result, continuing...

--- [americas-atlantic] iter 127 | added=13 | Fri May 22 14:27:56 EDT 2026 ---
You've hit your session limit · resets 5pm (America/New_York)
[americas-atlantic] → No clear result, continuing...

--- [americas-atlantic] iter 128 | added=13 | Fri May 22 14:29:32 EDT 2026 ---
You've hit your session limit · resets 5pm (America/New_York)
[americas-atlantic] → No clear result, continuing...

--- [americas-atlantic] iter 129 | added=13 | Fri May 22 14:30:22 EDT 2026 ---
You've hit your session limit · resets 5pm (America/New_York)
[americas-atlantic] → No clear result, continuing...

--- [americas-atlantic] iter 130 | added=13 | Fri May 22 14:31:12 EDT 2026 ---
You've hit your session limit · resets 5pm (America/New_York)
[americas-atlantic] → No clear result, continuing...

--- [americas-atlantic] iter 131 | added=13 | Fri May 22 14:32:05 EDT 2026 ---
You've hit your session limit · resets 5pm (America/New_York)
[americas-atlantic] → No clear result, continuing...

--- [americas-atlantic] iter 132 | added=13 | Fri May 22 14:32:54 EDT 2026 ---
You've hit your session limit · resets 5pm (America/New_York)
[americas-atlantic] → No clear result, continuing...

--- [americas-atlantic] iter 133 | added=13 | Fri May 22 14:33:43 EDT 2026 ---
You've hit your session limit · resets 5pm (America/New_York)
[americas-atlantic] → No clear result, continuing...

--- [americas-atlantic] iter 134 | added=13 | Fri May 22 14:34:33 EDT 2026 ---
You've hit your session limit · resets 5pm (America/New_York)
[americas-atlantic] → No clear result, continuing...

--- [americas-atlantic] iter 135 | added=13 | Fri May 22 14:35:23 EDT 2026 ---
You've hit your session limit · resets 5pm (America/New_York)
[americas-atlantic] → No clear result, continuing...

--- [americas-atlantic] iter 136 | added=13 | Fri May 22 14:36:12 EDT 2026 ---
You've hit your session limit · resets 5pm (America/New_York)
[americas-atlantic] → No clear result, continuing...

--- [americas-atlantic] iter 137 | added=13 | Fri May 22 14:37:02 EDT 2026 ---
You've hit your session limit · resets 5pm (America/New_York)
[americas-atlantic] → No clear result, continuing...

--- [americas-atlantic] iter 138 | added=13 | Fri May 22 14:37:52 EDT 2026 ---
You've hit your session limit · resets 5pm (America/New_York)
[americas-atlantic] → No clear result, continuing...

--- [americas-atlantic] iter 139 | added=13 | Fri May 22 14:38:41 EDT 2026 ---
You've hit your session limit · resets 5pm (America/New_York)
[americas-atlantic] → No clear result, continuing...

--- [americas-atlantic] iter 140 | added=13 | Fri May 22 14:39:31 EDT 2026 ---
You've hit your session limit · resets 5pm (America/New_York)
[americas-atlantic] → No clear result, continuing...

--- [americas-atlantic] iter 141 | added=13 | Fri May 22 14:40:23 EDT 2026 ---
You've hit your session limit · resets 5pm (America/New_York)
[americas-atlantic] → No clear result, continuing...

--- [americas-atlantic] iter 142 | added=13 | Fri May 22 14:41:32 EDT 2026 ---
You've hit your session limit · resets 5pm (America/New_York)
[americas-atlantic] → No clear result, continuing...

--- [americas-atlantic] iter 143 | added=13 | Fri May 22 14:42:33 EDT 2026 ---
You've hit your session limit · resets 5pm (America/New_York)
[americas-atlantic] → No clear result, continuing...

--- [americas-atlantic] iter 144 | added=13 | Fri May 22 14:43:21 EDT 2026 ---
You've hit your session limit · resets 5pm (America/New_York)
[americas-atlantic] → No clear result, continuing...

--- [americas-atlantic] iter 145 | added=13 | Fri May 22 14:44:11 EDT 2026 ---
You've hit your session limit · resets 5pm (America/New_York)
[americas-atlantic] → No clear result, continuing...

--- [americas-atlantic] iter 146 | added=13 | Fri May 22 14:44:59 EDT 2026 ---
You've hit your session limit · resets 5pm (America/New_York)
[americas-atlantic] → No clear result, continuing...

--- [americas-atlantic] iter 147 | added=13 | Fri May 22 14:45:49 EDT 2026 ---
You've hit your session limit · resets 5pm (America/New_York)
[americas-atlantic] → No clear result, continuing...

--- [americas-atlantic] iter 148 | added=13 | Fri May 22 14:46:39 EDT 2026 ---
You've hit your session limit · resets 5pm (America/New_York)
[americas-atlantic] → No clear result, continuing...

--- [americas-atlantic] iter 149 | added=13 | Fri May 22 14:47:27 EDT 2026 ---
You've hit your session limit · resets 5pm (America/New_York)
[americas-atlantic] → No clear result, continuing...

--- [americas-atlantic] iter 150 | added=13 | Fri May 22 14:48:17 EDT 2026 ---
You've hit your session limit · resets 5pm (America/New_York)
[americas-atlantic] → No clear result, continuing...

--- [americas-atlantic] iter 151 | added=13 | Fri May 22 14:49:05 EDT 2026 ---
You've hit your session limit · resets 5pm (America/New_York)
[americas-atlantic] → No clear result, continuing...

--- [americas-atlantic] iter 152 | added=13 | Fri May 22 14:49:55 EDT 2026 ---
You've hit your session limit · resets 5pm (America/New_York)
[americas-atlantic] → No clear result, continuing...

--- [americas-atlantic] iter 153 | added=13 | Fri May 22 14:50:46 EDT 2026 ---
You've hit your session limit · resets 5pm (America/New_York)
[americas-atlantic] → No clear result, continuing...

--- [americas-atlantic] iter 154 | added=13 | Fri May 22 14:51:35 EDT 2026 ---
You've hit your session limit · resets 5pm (America/New_York)
[americas-atlantic] → No clear result, continuing...

--- [americas-atlantic] iter 155 | added=13 | Fri May 22 14:52:23 EDT 2026 ---
You've hit your session limit · resets 5pm (America/New_York)
[americas-atlantic] → No clear result, continuing...

--- [americas-atlantic] iter 156 | added=13 | Fri May 22 14:53:12 EDT 2026 ---
You've hit your session limit · resets 5pm (America/New_York)
[americas-atlantic] → No clear result, continuing...

--- [americas-atlantic] iter 157 | added=13 | Fri May 22 14:54:01 EDT 2026 ---
You've hit your session limit · resets 5pm (America/New_York)
[americas-atlantic] → No clear result, continuing...

--- [americas-atlantic] iter 158 | added=13 | Fri May 22 14:54:49 EDT 2026 ---
You've hit your session limit · resets 5pm (America/New_York)
[americas-atlantic] → No clear result, continuing...

--- [americas-atlantic] iter 159 | added=13 | Fri May 22 14:55:39 EDT 2026 ---
You've hit your session limit · resets 5pm (America/New_York)
[americas-atlantic] → No clear result, continuing...

--- [americas-atlantic] iter 160 | added=13 | Fri May 22 14:56:33 EDT 2026 ---
You've hit your session limit · resets 5pm (America/New_York)
[americas-atlantic] → No clear result, continuing...

--- [americas-atlantic] iter 161 | added=13 | Fri May 22 14:57:22 EDT 2026 ---
You've hit your session limit · resets 5pm (America/New_York)
[americas-atlantic] → No clear result, continuing...

--- [americas-atlantic] iter 162 | added=13 | Fri May 22 14:58:37 EDT 2026 ---
You've hit your session limit · resets 5pm (America/New_York)
[americas-atlantic] → No clear result, continuing...

--- [americas-atlantic] iter 163 | added=13 | Fri May 22 15:00:34 EDT 2026 ---
You've hit your session limit · resets 5pm (America/New_York)
[americas-atlantic] → No clear result, continuing...

--- [americas-atlantic] iter 164 | added=13 | Fri May 22 15:02:42 EDT 2026 ---
You've hit your session limit · resets 5pm (America/New_York)
[americas-atlantic] → No clear result, continuing...

--- [americas-atlantic] iter 165 | added=13 | Fri May 22 15:10:19 EDT 2026 ---
You've hit your session limit · resets 5pm (America/New_York)
[americas-atlantic] → No clear result, continuing...

--- [americas-atlantic] iter 166 | added=13 | Fri May 22 15:14:07 EDT 2026 ---
You've hit your session limit · resets 5pm (America/New_York)
[americas-atlantic] → No clear result, continuing...

--- [americas-atlantic] iter 167 | added=13 | Fri May 22 15:15:32 EDT 2026 ---
You've hit your session limit · resets 5pm (America/New_York)
[americas-atlantic] → No clear result, continuing...

--- [americas-atlantic] iter 168 | added=13 | Fri May 22 15:16:24 EDT 2026 ---
You've hit your session limit · resets 5pm (America/New_York)
[americas-atlantic] → No clear result, continuing...

--- [americas-atlantic] iter 169 | added=13 | Fri May 22 15:17:13 EDT 2026 ---
You've hit your session limit · resets 5pm (America/New_York)
[americas-atlantic] → No clear result, continuing...

--- [americas-atlantic] iter 170 | added=13 | Fri May 22 15:18:03 EDT 2026 ---
You've hit your session limit · resets 5pm (America/New_York)
[americas-atlantic] → No clear result, continuing...

--- [americas-atlantic] iter 171 | added=13 | Fri May 22 15:18:52 EDT 2026 ---
You've hit your session limit · resets 5pm (America/New_York)
[americas-atlantic] → No clear result, continuing...

--- [americas-atlantic] iter 172 | added=13 | Fri May 22 15:19:41 EDT 2026 ---
You've hit your session limit · resets 5pm (America/New_York)
[americas-atlantic] → No clear result, continuing...

--- [americas-atlantic] iter 173 | added=13 | Fri May 22 15:20:32 EDT 2026 ---
You've hit your session limit · resets 5pm (America/New_York)
[americas-atlantic] → No clear result, continuing...

--- [americas-atlantic] iter 174 | added=13 | Fri May 22 15:21:21 EDT 2026 ---
You've hit your session limit · resets 5pm (America/New_York)
[americas-atlantic] → No clear result, continuing...

--- [americas-atlantic] iter 175 | added=13 | Fri May 22 15:22:10 EDT 2026 ---
You've hit your session limit · resets 5pm (America/New_York)
[americas-atlantic] → No clear result, continuing...
