=== Worker [indo-pacific] started at Fri May 22 11:18:28 EDT 2026 | focus: Indonesia, Philippines, Malaysia, Thailand, Vietnam, Papua New Guinea, Solomon Islands, Fiji, Vanuatu, Micronesia (Palau/Yap/Chuuk/Pohnpei), French Polynesia, Cook Islands, Tonga, Samoa, Australia, New Zealand, Japan, South Korea, Taiwan, China, Hawaii ===

--- [indo-pacific] iter 1 | added=0 | Fri May 22 11:18:28 EDT 2026 ---
DONE: Turtle Tomb added successfully

Sources:
- [Turtle Cavern Dive Site | Sipadan's Underwater Cave](https://www.sipadan.com/Sipadan/Turtle-Cavern.php)
- [Exploring the Turtle Tomb of Sipadan, Borneo (PADI Blog)](https://blog.padi.com/exploring-the-turtle-tomb-of-sipadan-borneo/)
- [The Turtle Graveyard of Sipadan | Amusing Planet](https://www.amusingplanet.com/2017/05/the-turtle-graveyard-of-sipadan.html)
- [A Brief History of Pulau Sipadan](https://www.dive-the-world.com/reefs-and-parks-malaysia-sipadan-history.php)
[indo-pacific] ✓ Added: Turtle Tomb added successfully

--- [indo-pacific] iter 2 | added=1 | Fri May 22 11:22:57 EDT 2026 ---
DONE: Gato Island added successfully

Sources:
- [Gato Island - Wikipedia](https://en.wikipedia.org/wiki/Gato_Island)
- [Gato Island dive site | PADI](https://www.padi.com/dive-site/philippines/gato-island-2/)
- [Gato Island - Kokay's Malapascua Diving](https://kokaysmalditodiveresort.com/diving-malapascua-cebu-philippines/thresher-shark-diving/gato-island/)
- [Category:Gato Island - Wikimedia Commons](https://commons.wikimedia.org/wiki/Category:Gato_Island)
[indo-pacific] ✓ Added: Gato Island added successfully

--- [indo-pacific] iter 3 | added=2 | Fri May 22 11:26:47 EDT 2026 ---
DONE: Ulong Channel added successfully
[indo-pacific] ✓ Added: Ulong Channel added successfully

--- [indo-pacific] iter 4 | added=3 | Fri May 22 11:30:13 EDT 2026 ---
DONE: Blue Corner added successfully

Sources:
- [Blue Corner - Wikipedia](https://en.wikipedia.org/wiki/Blue_Corner)
- [How to Dive Blue Corner, Palau](https://palaudiveadventures.com/dive-blue-corner-palau/)
- [Blue Corner Diving - Dive the World](https://www.dive-the-world.com/diving-sites-palau-blue-corner.php)
- [Best Diving Months in Palau](https://techdivetravels.com/top-destinations/dive-sites-oceania/best-time-to-dive-in-palau/)
[indo-pacific] ✓ Added: Blue Corner added successfully

--- [indo-pacific] iter 5 | added=4 | Fri May 22 11:32:55 EDT 2026 ---
DONE: San Francisco Maru added successfully

Added Chuuk Lagoon's "Million Dollar Wreck" — the deep (42–64 m) tech-trimix wreck from Operation Hailstone with three Type 95 Ha-Go tanks lashed to the foredeck. Hero image is the iconic 6000×4000 px Wikimedia Commons shot of the deck tank (CC BY 2.0). Verified URL returns 200, JSON validates with 12-month conditions, committed and pushed to main.

Sources:
- [San Francisco Maru Wreck — X-Ray Mag](https://xray-mag.com/content/san-francisco-maru-wreck-chuuk-lagoon)
- [San Francisco Maru — Spotmydive](https://amp.spotmydive.com/en/dive-sites/ss-san-francisco-maru/)
- [File:San Francisco Maru Type 95 HA-Go Tank.jpg — Wikimedia](https://commons.wikimedia.org/wiki/File:San_Francisco_Maru_Type_95_HA-Go_Tank.jpg)
[indo-pacific] ✓ Added: San Francisco Maru added successfully

--- [indo-pacific] iter 6 | added=5 | Fri May 22 11:39:05 EDT 2026 ---
Error: Reached max turns (30)
[indo-pacific] → No clear result, continuing...

--- [indo-pacific] iter 7 | added=5 | Fri May 22 11:44:44 EDT 2026 ---
You've hit your session limit · resets 12pm (America/New_York)
[indo-pacific] → No clear result, continuing...

--- [indo-pacific] iter 8 | added=5 | Fri May 22 11:45:33 EDT 2026 ---
You've hit your session limit · resets 12pm (America/New_York)
[indo-pacific] → No clear result, continuing...

--- [indo-pacific] iter 9 | added=5 | Fri May 22 11:46:21 EDT 2026 ---
You've hit your session limit · resets 12pm (America/New_York)
[indo-pacific] → No clear result, continuing...

--- [indo-pacific] iter 10 | added=5 | Fri May 22 11:47:10 EDT 2026 ---
You've hit your session limit · resets 12pm (America/New_York)
[indo-pacific] → No clear result, continuing...

--- [indo-pacific] iter 11 | added=5 | Fri May 22 11:48:00 EDT 2026 ---
You've hit your session limit · resets 12pm (America/New_York)
[indo-pacific] → No clear result, continuing...

--- [indo-pacific] iter 12 | added=5 | Fri May 22 11:48:48 EDT 2026 ---
You've hit your session limit · resets 12pm (America/New_York)
[indo-pacific] → No clear result, continuing...

--- [indo-pacific] iter 13 | added=5 | Fri May 22 11:49:36 EDT 2026 ---
You've hit your session limit · resets 12pm (America/New_York)
[indo-pacific] → No clear result, continuing...

--- [indo-pacific] iter 14 | added=5 | Fri May 22 11:50:24 EDT 2026 ---
You've hit your session limit · resets 12pm (America/New_York)
[indo-pacific] → No clear result, continuing...

--- [indo-pacific] iter 15 | added=5 | Fri May 22 11:51:12 EDT 2026 ---
You've hit your session limit · resets 12pm (America/New_York)
[indo-pacific] → No clear result, continuing...

--- [indo-pacific] iter 16 | added=5 | Fri May 22 11:52:00 EDT 2026 ---
You've hit your session limit · resets 12pm (America/New_York)
[indo-pacific] → No clear result, continuing...

--- [indo-pacific] iter 17 | added=5 | Fri May 22 11:52:49 EDT 2026 ---
You've hit your session limit · resets 12pm (America/New_York)
[indo-pacific] → No clear result, continuing...

--- [indo-pacific] iter 18 | added=5 | Fri May 22 11:53:37 EDT 2026 ---
You've hit your session limit · resets 12pm (America/New_York)
[indo-pacific] → No clear result, continuing...

--- [indo-pacific] iter 19 | added=5 | Fri May 22 11:54:24 EDT 2026 ---
You've hit your session limit · resets 12pm (America/New_York)
[indo-pacific] → No clear result, continuing...

--- [indo-pacific] iter 20 | added=5 | Fri May 22 11:55:12 EDT 2026 ---
You've hit your session limit · resets 12pm (America/New_York)
[indo-pacific] → No clear result, continuing...

--- [indo-pacific] iter 21 | added=5 | Fri May 22 11:56:00 EDT 2026 ---
You've hit your session limit · resets 12pm (America/New_York)
[indo-pacific] → No clear result, continuing...

--- [indo-pacific] iter 22 | added=5 | Fri May 22 11:56:49 EDT 2026 ---
You've hit your session limit · resets 12pm (America/New_York)
[indo-pacific] → No clear result, continuing...

--- [indo-pacific] iter 23 | added=5 | Fri May 22 11:57:37 EDT 2026 ---
You've hit your session limit · resets 12pm (America/New_York)
[indo-pacific] → No clear result, continuing...

--- [indo-pacific] iter 24 | added=5 | Fri May 22 11:58:26 EDT 2026 ---
You've hit your session limit · resets 12pm (America/New_York)
[indo-pacific] → No clear result, continuing...

--- [indo-pacific] iter 25 | added=5 | Fri May 22 11:59:16 EDT 2026 ---
You've hit your session limit · resets 12pm (America/New_York)
[indo-pacific] → No clear result, continuing...

--- [indo-pacific] iter 26 | added=5 | Fri May 22 12:00:06 EDT 2026 ---
Error: Reached max turns (30)
[indo-pacific] → No clear result, continuing...

--- [indo-pacific] iter 27 | added=5 | Fri May 22 12:05:50 EDT 2026 ---
Error: Reached max turns (30)
[indo-pacific] → No clear result, continuing...

--- [indo-pacific] iter 28 | added=5 | Fri May 22 12:11:03 EDT 2026 ---
Error: Reached max turns (30)
[indo-pacific] → No clear result, continuing...

--- [indo-pacific] iter 29 | added=5 | Fri May 22 12:16:50 EDT 2026 ---
DONE: Million Dollar Point added successfully

Sources:
- [Million Dollar Point dive site | PADI](https://www.padi.com/dive-site/vanuatu/million-dollar-point/)
- [Million Dollar Point - Reef Smart Guides](https://reefsmartguides.com/million-dollar-point/)
- [South Pacific WWII Museum - Million Dollar Point](https://southpacificwwiimuseum.com/mdp/)
- [Naval Advance Base Espiritu Santo - Wikipedia](https://en.wikipedia.org/wiki/Naval_Advance_Base_Espiritu_Santo)
- [Aore Adventures - Vanuatu's Underwater WWII Museum](https://aoreadventures.com/exploring-vanuatus-million-dollar-point/)
[indo-pacific] ✓ Added: Million Dollar Point added successfully

--- [indo-pacific] iter 30 | added=6 | Fri May 22 12:21:14 EDT 2026 ---
Error: Reached max turns (30)
[indo-pacific] → No clear result, continuing...

--- [indo-pacific] iter 31 | added=6 | Fri May 22 12:28:58 EDT 2026 ---
Error: Reached max turns (30)
[indo-pacific] → No clear result, continuing...

--- [indo-pacific] iter 32 | added=6 | Fri May 22 12:35:14 EDT 2026 ---
Error: Reached max turns (30)
[indo-pacific] → No clear result, continuing...

--- [indo-pacific] iter 33 | added=6 | Fri May 22 12:41:05 EDT 2026 ---
Error: Reached max turns (30)
[indo-pacific] → No clear result, continuing...

--- [indo-pacific] iter 34 | added=6 | Fri May 22 12:47:45 EDT 2026 ---
DONE: Manta Point (Nusa Penida) added successfully

Sources:
- [Diving the Ogasawara Islands - Indopacificimages](https://indopacificimages.com/diving-the-ogasawara-islands-japans-galapagos/)
- [Iro Maru - Palau DiveBuddy](http://www.divebuddy.com/divesite/5802/iro-maru-palau/)
- [Manta Point Nusa Penida - PADI](https://www.padi.com/dive-site/indonesia/manta-point-3/)
- [Nusa Penida diving guide](https://nusapenida.org/bali-nusa-penida-diving-guide/20-best-dive-sites-bali-nusa-penida/diving-manta-point-nusa-penida/)
- [Wikimedia: Eye To Eye (Manta Point, Nusa Penida)](https://commons.wikimedia.org/wiki/File:Eye_To_Eye_(219520559).jpeg)
- [Nusa Penida - Wikipedia](https://en.wikipedia.org/wiki/Nusa_Penida)
[indo-pacific] ✓ Added: Manta Point (Nusa Penida) added successfully

--- [indo-pacific] iter 35 | added=7 | Fri May 22 12:53:54 EDT 2026 ---
DONE: Chichijima Dolphin Swim added successfully

Added a snorkel-based encounter site at `ogasawara-japan` (Bonin Islands, UNESCO World Heritage). The location had 0 sites previously. Hero is the canonical Wikimedia `Swimming_with_dolphins_Ogasawara.jpg` (2288×1712, CC BY-SA 2.0) — matches the description, which centers on in-water encounters with resident bottlenose and spinner pods off Chichijima.

Sources:
- [Diving in Bonin Islands - All Japan Tours](https://alljapantours.com/japan-attraction/things-to-do/diving-in-bonin-islands/)
- [Diving the Ogasawara Islands - Indopacificimages](https://indopacificimages.com/diving-the-ogasawara-islands-japans-galapagos/)
- [Japan's Hidden Gem for Divers - PADI blog](https://blog.padi.com/diving-in-ogasawara-islands/)
- [When to Dive Ogasawara Islands - TechDiveTravels](https://techdivetravels.com/top-destinations/dive-sites-asia/best-time-to-dive-in-ogasawara-islands/)
- [Dolphin Watching and Swimming - Japan Tourism Agency](https://www.mlit.go.jp/tagengo-db/en/R1-02258.html)
- [File:Swimming with dolphins Ogasawara.jpg - Wikimedia Commons](https://commons.wikimedia.org/wiki/File:Swimming_with_dolphins_Ogasawara.jpg)
[indo-pacific] ✓ Added: Chichijima Dolphin Swim added successfully

--- [indo-pacific] iter 36 | added=8 | Fri May 22 12:59:59 EDT 2026 ---
Error: Reached max turns (30)
[indo-pacific] → No clear result, continuing...

--- [indo-pacific] iter 37 | added=8 | Fri May 22 13:06:56 EDT 2026 ---
You've hit your session limit · resets 5pm (America/New_York)
[indo-pacific] → No clear result, continuing...

--- [indo-pacific] iter 38 | added=8 | Fri May 22 13:10:24 EDT 2026 ---
You've hit your session limit · resets 5pm (America/New_York)
[indo-pacific] → No clear result, continuing...

--- [indo-pacific] iter 39 | added=8 | Fri May 22 13:11:12 EDT 2026 ---
You've hit your session limit · resets 5pm (America/New_York)
[indo-pacific] → No clear result, continuing...

--- [indo-pacific] iter 40 | added=8 | Fri May 22 13:12:00 EDT 2026 ---
You've hit your session limit · resets 5pm (America/New_York)
[indo-pacific] → No clear result, continuing...

--- [indo-pacific] iter 41 | added=8 | Fri May 22 13:12:48 EDT 2026 ---
You've hit your session limit · resets 5pm (America/New_York)
[indo-pacific] → No clear result, continuing...

--- [indo-pacific] iter 42 | added=8 | Fri May 22 13:13:36 EDT 2026 ---
You've hit your session limit · resets 5pm (America/New_York)
[indo-pacific] → No clear result, continuing...

--- [indo-pacific] iter 43 | added=8 | Fri May 22 13:14:23 EDT 2026 ---
You've hit your session limit · resets 5pm (America/New_York)
[indo-pacific] → No clear result, continuing...

--- [indo-pacific] iter 44 | added=8 | Fri May 22 13:15:11 EDT 2026 ---
You've hit your session limit · resets 5pm (America/New_York)
[indo-pacific] → No clear result, continuing...

--- [indo-pacific] iter 45 | added=8 | Fri May 22 13:16:01 EDT 2026 ---
You've hit your session limit · resets 5pm (America/New_York)
[indo-pacific] → No clear result, continuing...

--- [indo-pacific] iter 46 | added=8 | Fri May 22 13:16:49 EDT 2026 ---
You've hit your session limit · resets 5pm (America/New_York)
[indo-pacific] → No clear result, continuing...

--- [indo-pacific] iter 47 | added=8 | Fri May 22 13:17:38 EDT 2026 ---
You've hit your session limit · resets 5pm (America/New_York)
[indo-pacific] → No clear result, continuing...

--- [indo-pacific] iter 48 | added=8 | Fri May 22 13:18:26 EDT 2026 ---
You've hit your session limit · resets 5pm (America/New_York)
[indo-pacific] → No clear result, continuing...

--- [indo-pacific] iter 49 | added=8 | Fri May 22 13:19:14 EDT 2026 ---
You've hit your session limit · resets 5pm (America/New_York)
[indo-pacific] → No clear result, continuing...

--- [indo-pacific] iter 50 | added=8 | Fri May 22 13:20:02 EDT 2026 ---
You've hit your session limit · resets 5pm (America/New_York)
[indo-pacific] → No clear result, continuing...

--- [indo-pacific] iter 51 | added=8 | Fri May 22 13:20:51 EDT 2026 ---
You've hit your session limit · resets 5pm (America/New_York)
[indo-pacific] → No clear result, continuing...

--- [indo-pacific] iter 52 | added=8 | Fri May 22 13:21:40 EDT 2026 ---
You've hit your session limit · resets 5pm (America/New_York)
[indo-pacific] → No clear result, continuing...

--- [indo-pacific] iter 53 | added=8 | Fri May 22 13:22:29 EDT 2026 ---
You've hit your session limit · resets 5pm (America/New_York)
[indo-pacific] → No clear result, continuing...

--- [indo-pacific] iter 54 | added=8 | Fri May 22 13:23:17 EDT 2026 ---
You've hit your session limit · resets 5pm (America/New_York)
[indo-pacific] → No clear result, continuing...

--- [indo-pacific] iter 55 | added=8 | Fri May 22 13:24:06 EDT 2026 ---
You've hit your session limit · resets 5pm (America/New_York)
[indo-pacific] → No clear result, continuing...

--- [indo-pacific] iter 56 | added=8 | Fri May 22 13:24:55 EDT 2026 ---
You've hit your session limit · resets 5pm (America/New_York)
[indo-pacific] → No clear result, continuing...

--- [indo-pacific] iter 57 | added=8 | Fri May 22 13:25:44 EDT 2026 ---
You've hit your session limit · resets 5pm (America/New_York)
[indo-pacific] → No clear result, continuing...

--- [indo-pacific] iter 58 | added=8 | Fri May 22 13:26:38 EDT 2026 ---
You've hit your session limit · resets 5pm (America/New_York)
[indo-pacific] → No clear result, continuing...

--- [indo-pacific] iter 59 | added=8 | Fri May 22 13:27:31 EDT 2026 ---
You've hit your session limit · resets 5pm (America/New_York)
[indo-pacific] → No clear result, continuing...

--- [indo-pacific] iter 60 | added=8 | Fri May 22 13:28:25 EDT 2026 ---
You've hit your session limit · resets 5pm (America/New_York)
[indo-pacific] → No clear result, continuing...

--- [indo-pacific] iter 61 | added=8 | Fri May 22 13:29:15 EDT 2026 ---
You've hit your session limit · resets 5pm (America/New_York)
[indo-pacific] → No clear result, continuing...

--- [indo-pacific] iter 62 | added=8 | Fri May 22 13:30:06 EDT 2026 ---
You've hit your session limit · resets 5pm (America/New_York)
[indo-pacific] → No clear result, continuing...

--- [indo-pacific] iter 63 | added=8 | Fri May 22 13:31:06 EDT 2026 ---
You've hit your session limit · resets 5pm (America/New_York)
[indo-pacific] → No clear result, continuing...

--- [indo-pacific] iter 64 | added=8 | Fri May 22 13:31:57 EDT 2026 ---
You've hit your session limit · resets 5pm (America/New_York)
[indo-pacific] → No clear result, continuing...

--- [indo-pacific] iter 65 | added=8 | Fri May 22 13:32:46 EDT 2026 ---
You've hit your session limit · resets 5pm (America/New_York)
[indo-pacific] → No clear result, continuing...

--- [indo-pacific] iter 66 | added=8 | Fri May 22 13:33:37 EDT 2026 ---
You've hit your session limit · resets 5pm (America/New_York)
[indo-pacific] → No clear result, continuing...

--- [indo-pacific] iter 67 | added=8 | Fri May 22 13:34:28 EDT 2026 ---
You've hit your session limit · resets 5pm (America/New_York)
[indo-pacific] → No clear result, continuing...

--- [indo-pacific] iter 68 | added=8 | Fri May 22 13:35:18 EDT 2026 ---
You've hit your session limit · resets 5pm (America/New_York)
[indo-pacific] → No clear result, continuing...

--- [indo-pacific] iter 69 | added=8 | Fri May 22 13:36:08 EDT 2026 ---
You've hit your session limit · resets 5pm (America/New_York)
[indo-pacific] → No clear result, continuing...

--- [indo-pacific] iter 70 | added=8 | Fri May 22 13:36:59 EDT 2026 ---
You've hit your session limit · resets 5pm (America/New_York)
[indo-pacific] → No clear result, continuing...

--- [indo-pacific] iter 71 | added=8 | Fri May 22 13:37:52 EDT 2026 ---
You've hit your session limit · resets 5pm (America/New_York)
[indo-pacific] → No clear result, continuing...

--- [indo-pacific] iter 72 | added=8 | Fri May 22 13:38:42 EDT 2026 ---
You've hit your session limit · resets 5pm (America/New_York)
[indo-pacific] → No clear result, continuing...

--- [indo-pacific] iter 73 | added=8 | Fri May 22 13:39:31 EDT 2026 ---
You've hit your session limit · resets 5pm (America/New_York)
[indo-pacific] → No clear result, continuing...

--- [indo-pacific] iter 74 | added=8 | Fri May 22 13:40:21 EDT 2026 ---
You've hit your session limit · resets 5pm (America/New_York)
[indo-pacific] → No clear result, continuing...

--- [indo-pacific] iter 75 | added=8 | Fri May 22 13:41:10 EDT 2026 ---
You've hit your session limit · resets 5pm (America/New_York)
[indo-pacific] → No clear result, continuing...

--- [indo-pacific] iter 76 | added=8 | Fri May 22 13:42:00 EDT 2026 ---
You've hit your session limit · resets 5pm (America/New_York)
[indo-pacific] → No clear result, continuing...

--- [indo-pacific] iter 77 | added=8 | Fri May 22 13:42:49 EDT 2026 ---
You've hit your session limit · resets 5pm (America/New_York)
[indo-pacific] → No clear result, continuing...

--- [indo-pacific] iter 78 | added=8 | Fri May 22 13:43:38 EDT 2026 ---
You've hit your session limit · resets 5pm (America/New_York)
[indo-pacific] → No clear result, continuing...

--- [indo-pacific] iter 79 | added=8 | Fri May 22 13:44:28 EDT 2026 ---
You've hit your session limit · resets 5pm (America/New_York)
[indo-pacific] → No clear result, continuing...

--- [indo-pacific] iter 80 | added=8 | Fri May 22 13:45:16 EDT 2026 ---
You've hit your session limit · resets 5pm (America/New_York)
[indo-pacific] → No clear result, continuing...

--- [indo-pacific] iter 81 | added=8 | Fri May 22 13:46:06 EDT 2026 ---
You've hit your session limit · resets 5pm (America/New_York)
[indo-pacific] → No clear result, continuing...

--- [indo-pacific] iter 82 | added=8 | Fri May 22 13:46:55 EDT 2026 ---
You've hit your session limit · resets 5pm (America/New_York)
[indo-pacific] → No clear result, continuing...

--- [indo-pacific] iter 83 | added=8 | Fri May 22 13:47:44 EDT 2026 ---
You've hit your session limit · resets 5pm (America/New_York)
[indo-pacific] → No clear result, continuing...

--- [indo-pacific] iter 84 | added=8 | Fri May 22 13:48:33 EDT 2026 ---
You've hit your session limit · resets 5pm (America/New_York)
[indo-pacific] → No clear result, continuing...

--- [indo-pacific] iter 85 | added=8 | Fri May 22 13:49:22 EDT 2026 ---
You've hit your session limit · resets 5pm (America/New_York)
[indo-pacific] → No clear result, continuing...

--- [indo-pacific] iter 86 | added=8 | Fri May 22 13:50:10 EDT 2026 ---
You've hit your session limit · resets 5pm (America/New_York)
[indo-pacific] → No clear result, continuing...

--- [indo-pacific] iter 87 | added=8 | Fri May 22 13:50:58 EDT 2026 ---
You've hit your session limit · resets 5pm (America/New_York)
[indo-pacific] → No clear result, continuing...

--- [indo-pacific] iter 88 | added=8 | Fri May 22 13:51:47 EDT 2026 ---
You've hit your session limit · resets 5pm (America/New_York)
[indo-pacific] → No clear result, continuing...

--- [indo-pacific] iter 89 | added=8 | Fri May 22 13:52:36 EDT 2026 ---
You've hit your session limit · resets 5pm (America/New_York)
[indo-pacific] → No clear result, continuing...

--- [indo-pacific] iter 90 | added=8 | Fri May 22 13:53:25 EDT 2026 ---
You've hit your session limit · resets 5pm (America/New_York)
[indo-pacific] → No clear result, continuing...

--- [indo-pacific] iter 91 | added=8 | Fri May 22 13:54:13 EDT 2026 ---
You've hit your session limit · resets 5pm (America/New_York)
[indo-pacific] → No clear result, continuing...

--- [indo-pacific] iter 92 | added=8 | Fri May 22 13:55:04 EDT 2026 ---
You've hit your session limit · resets 5pm (America/New_York)
[indo-pacific] → No clear result, continuing...

--- [indo-pacific] iter 93 | added=8 | Fri May 22 13:56:07 EDT 2026 ---
You've hit your session limit · resets 5pm (America/New_York)
[indo-pacific] → No clear result, continuing...

--- [indo-pacific] iter 94 | added=8 | Fri May 22 13:57:09 EDT 2026 ---
You've hit your session limit · resets 5pm (America/New_York)
[indo-pacific] → No clear result, continuing...

--- [indo-pacific] iter 95 | added=8 | Fri May 22 13:59:04 EDT 2026 ---
You've hit your session limit · resets 5pm (America/New_York)
[indo-pacific] → No clear result, continuing...

--- [indo-pacific] iter 96 | added=8 | Fri May 22 14:00:15 EDT 2026 ---
You've hit your session limit · resets 5pm (America/New_York)
[indo-pacific] → No clear result, continuing...

--- [indo-pacific] iter 97 | added=8 | Fri May 22 14:01:17 EDT 2026 ---
You've hit your session limit · resets 5pm (America/New_York)
[indo-pacific] → No clear result, continuing...

--- [indo-pacific] iter 98 | added=8 | Fri May 22 14:02:06 EDT 2026 ---
You've hit your session limit · resets 5pm (America/New_York)
[indo-pacific] → No clear result, continuing...

--- [indo-pacific] iter 99 | added=8 | Fri May 22 14:02:56 EDT 2026 ---
You've hit your session limit · resets 5pm (America/New_York)
[indo-pacific] → No clear result, continuing...

--- [indo-pacific] iter 100 | added=8 | Fri May 22 14:03:45 EDT 2026 ---
You've hit your session limit · resets 5pm (America/New_York)
[indo-pacific] → No clear result, continuing...

--- [indo-pacific] iter 101 | added=8 | Fri May 22 14:04:33 EDT 2026 ---
You've hit your session limit · resets 5pm (America/New_York)
[indo-pacific] → No clear result, continuing...

--- [indo-pacific] iter 102 | added=8 | Fri May 22 14:05:22 EDT 2026 ---
You've hit your session limit · resets 5pm (America/New_York)
[indo-pacific] → No clear result, continuing...

--- [indo-pacific] iter 103 | added=8 | Fri May 22 14:06:11 EDT 2026 ---
You've hit your session limit · resets 5pm (America/New_York)
[indo-pacific] → No clear result, continuing...

--- [indo-pacific] iter 104 | added=8 | Fri May 22 14:06:59 EDT 2026 ---
You've hit your session limit · resets 5pm (America/New_York)
[indo-pacific] → No clear result, continuing...

--- [indo-pacific] iter 105 | added=8 | Fri May 22 14:07:48 EDT 2026 ---
You've hit your session limit · resets 5pm (America/New_York)
[indo-pacific] → No clear result, continuing...

--- [indo-pacific] iter 106 | added=8 | Fri May 22 14:08:36 EDT 2026 ---
You've hit your session limit · resets 5pm (America/New_York)
[indo-pacific] → No clear result, continuing...

--- [indo-pacific] iter 107 | added=8 | Fri May 22 14:09:25 EDT 2026 ---
You've hit your session limit · resets 5pm (America/New_York)
[indo-pacific] → No clear result, continuing...

--- [indo-pacific] iter 108 | added=8 | Fri May 22 14:10:14 EDT 2026 ---
You've hit your session limit · resets 5pm (America/New_York)
[indo-pacific] → No clear result, continuing...

--- [indo-pacific] iter 109 | added=8 | Fri May 22 14:11:03 EDT 2026 ---
You've hit your session limit · resets 5pm (America/New_York)
[indo-pacific] → No clear result, continuing...

--- [indo-pacific] iter 110 | added=8 | Fri May 22 14:11:51 EDT 2026 ---
You've hit your session limit · resets 5pm (America/New_York)
[indo-pacific] → No clear result, continuing...

--- [indo-pacific] iter 111 | added=8 | Fri May 22 14:12:40 EDT 2026 ---
You've hit your session limit · resets 5pm (America/New_York)
[indo-pacific] → No clear result, continuing...

--- [indo-pacific] iter 112 | added=8 | Fri May 22 14:13:29 EDT 2026 ---
You've hit your session limit · resets 5pm (America/New_York)
[indo-pacific] → No clear result, continuing...

--- [indo-pacific] iter 113 | added=8 | Fri May 22 14:14:17 EDT 2026 ---
You've hit your session limit · resets 5pm (America/New_York)
[indo-pacific] → No clear result, continuing...

--- [indo-pacific] iter 114 | added=8 | Fri May 22 14:15:05 EDT 2026 ---
You've hit your session limit · resets 5pm (America/New_York)
[indo-pacific] → No clear result, continuing...

--- [indo-pacific] iter 115 | added=8 | Fri May 22 14:15:54 EDT 2026 ---
You've hit your session limit · resets 5pm (America/New_York)
[indo-pacific] → No clear result, continuing...

--- [indo-pacific] iter 116 | added=8 | Fri May 22 14:16:43 EDT 2026 ---
You've hit your session limit · resets 5pm (America/New_York)
[indo-pacific] → No clear result, continuing...

--- [indo-pacific] iter 117 | added=8 | Fri May 22 14:17:31 EDT 2026 ---
You've hit your session limit · resets 5pm (America/New_York)
[indo-pacific] → No clear result, continuing...

--- [indo-pacific] iter 118 | added=8 | Fri May 22 14:18:20 EDT 2026 ---
You've hit your session limit · resets 5pm (America/New_York)
[indo-pacific] → No clear result, continuing...

--- [indo-pacific] iter 119 | added=8 | Fri May 22 14:19:10 EDT 2026 ---
You've hit your session limit · resets 5pm (America/New_York)
[indo-pacific] → No clear result, continuing...

--- [indo-pacific] iter 120 | added=8 | Fri May 22 14:19:59 EDT 2026 ---
You've hit your session limit · resets 5pm (America/New_York)
[indo-pacific] → No clear result, continuing...

--- [indo-pacific] iter 121 | added=8 | Fri May 22 14:20:48 EDT 2026 ---
You've hit your session limit · resets 5pm (America/New_York)
[indo-pacific] → No clear result, continuing...

--- [indo-pacific] iter 122 | added=8 | Fri May 22 14:21:47 EDT 2026 ---
You've hit your session limit · resets 5pm (America/New_York)
[indo-pacific] → No clear result, continuing...

--- [indo-pacific] iter 123 | added=8 | Fri May 22 14:22:37 EDT 2026 ---
You've hit your session limit · resets 5pm (America/New_York)
[indo-pacific] → No clear result, continuing...

--- [indo-pacific] iter 124 | added=8 | Fri May 22 14:23:26 EDT 2026 ---
You've hit your session limit · resets 5pm (America/New_York)
[indo-pacific] → No clear result, continuing...

--- [indo-pacific] iter 125 | added=8 | Fri May 22 14:24:14 EDT 2026 ---
You've hit your session limit · resets 5pm (America/New_York)
[indo-pacific] → No clear result, continuing...

--- [indo-pacific] iter 126 | added=8 | Fri May 22 14:25:04 EDT 2026 ---
You've hit your session limit · resets 5pm (America/New_York)
[indo-pacific] → No clear result, continuing...

--- [indo-pacific] iter 127 | added=8 | Fri May 22 14:25:52 EDT 2026 ---
You've hit your session limit · resets 5pm (America/New_York)
[indo-pacific] → No clear result, continuing...

--- [indo-pacific] iter 128 | added=8 | Fri May 22 14:26:41 EDT 2026 ---
You've hit your session limit · resets 5pm (America/New_York)
[indo-pacific] → No clear result, continuing...

--- [indo-pacific] iter 129 | added=8 | Fri May 22 14:27:56 EDT 2026 ---
You've hit your session limit · resets 5pm (America/New_York)
[indo-pacific] → No clear result, continuing...

--- [indo-pacific] iter 130 | added=8 | Fri May 22 14:29:32 EDT 2026 ---
You've hit your session limit · resets 5pm (America/New_York)
[indo-pacific] → No clear result, continuing...

--- [indo-pacific] iter 131 | added=8 | Fri May 22 14:30:22 EDT 2026 ---
You've hit your session limit · resets 5pm (America/New_York)
[indo-pacific] → No clear result, continuing...

--- [indo-pacific] iter 132 | added=8 | Fri May 22 14:31:12 EDT 2026 ---
You've hit your session limit · resets 5pm (America/New_York)
[indo-pacific] → No clear result, continuing...

--- [indo-pacific] iter 133 | added=8 | Fri May 22 14:32:01 EDT 2026 ---
You've hit your session limit · resets 5pm (America/New_York)
[indo-pacific] → No clear result, continuing...

--- [indo-pacific] iter 134 | added=8 | Fri May 22 14:32:51 EDT 2026 ---
You've hit your session limit · resets 5pm (America/New_York)
[indo-pacific] → No clear result, continuing...

--- [indo-pacific] iter 135 | added=8 | Fri May 22 14:33:40 EDT 2026 ---
You've hit your session limit · resets 5pm (America/New_York)
[indo-pacific] → No clear result, continuing...

--- [indo-pacific] iter 136 | added=8 | Fri May 22 14:34:31 EDT 2026 ---
You've hit your session limit · resets 5pm (America/New_York)
[indo-pacific] → No clear result, continuing...

--- [indo-pacific] iter 137 | added=8 | Fri May 22 14:35:21 EDT 2026 ---
You've hit your session limit · resets 5pm (America/New_York)
[indo-pacific] → No clear result, continuing...

--- [indo-pacific] iter 138 | added=8 | Fri May 22 14:36:10 EDT 2026 ---
You've hit your session limit · resets 5pm (America/New_York)
[indo-pacific] → No clear result, continuing...

--- [indo-pacific] iter 139 | added=8 | Fri May 22 14:36:59 EDT 2026 ---
You've hit your session limit · resets 5pm (America/New_York)
[indo-pacific] → No clear result, continuing...

--- [indo-pacific] iter 140 | added=8 | Fri May 22 14:37:49 EDT 2026 ---
You've hit your session limit · resets 5pm (America/New_York)
[indo-pacific] → No clear result, continuing...

--- [indo-pacific] iter 141 | added=8 | Fri May 22 14:38:39 EDT 2026 ---
You've hit your session limit · resets 5pm (America/New_York)
[indo-pacific] → No clear result, continuing...

--- [indo-pacific] iter 142 | added=8 | Fri May 22 14:39:29 EDT 2026 ---
You've hit your session limit · resets 5pm (America/New_York)
[indo-pacific] → No clear result, continuing...

--- [indo-pacific] iter 143 | added=8 | Fri May 22 14:40:20 EDT 2026 ---
You've hit your session limit · resets 5pm (America/New_York)
[indo-pacific] → No clear result, continuing...

--- [indo-pacific] iter 144 | added=8 | Fri May 22 14:41:32 EDT 2026 ---
You've hit your session limit · resets 5pm (America/New_York)
[indo-pacific] → No clear result, continuing...

--- [indo-pacific] iter 145 | added=8 | Fri May 22 14:42:31 EDT 2026 ---
You've hit your session limit · resets 5pm (America/New_York)
[indo-pacific] → No clear result, continuing...

--- [indo-pacific] iter 146 | added=8 | Fri May 22 14:43:21 EDT 2026 ---
You've hit your session limit · resets 5pm (America/New_York)
[indo-pacific] → No clear result, continuing...

--- [indo-pacific] iter 147 | added=8 | Fri May 22 14:44:10 EDT 2026 ---
You've hit your session limit · resets 5pm (America/New_York)
[indo-pacific] → No clear result, continuing...

--- [indo-pacific] iter 148 | added=8 | Fri May 22 14:44:59 EDT 2026 ---
You've hit your session limit · resets 5pm (America/New_York)
[indo-pacific] → No clear result, continuing...

--- [indo-pacific] iter 149 | added=8 | Fri May 22 14:45:48 EDT 2026 ---
You've hit your session limit · resets 5pm (America/New_York)
[indo-pacific] → No clear result, continuing...

--- [indo-pacific] iter 150 | added=8 | Fri May 22 14:46:38 EDT 2026 ---
You've hit your session limit · resets 5pm (America/New_York)
[indo-pacific] → No clear result, continuing...

--- [indo-pacific] iter 151 | added=8 | Fri May 22 14:47:28 EDT 2026 ---
You've hit your session limit · resets 5pm (America/New_York)
[indo-pacific] → No clear result, continuing...

--- [indo-pacific] iter 152 | added=8 | Fri May 22 14:48:17 EDT 2026 ---
You've hit your session limit · resets 5pm (America/New_York)
[indo-pacific] → No clear result, continuing...

--- [indo-pacific] iter 153 | added=8 | Fri May 22 14:49:05 EDT 2026 ---
You've hit your session limit · resets 5pm (America/New_York)
[indo-pacific] → No clear result, continuing...

--- [indo-pacific] iter 154 | added=8 | Fri May 22 14:49:55 EDT 2026 ---
You've hit your session limit · resets 5pm (America/New_York)
[indo-pacific] → No clear result, continuing...

--- [indo-pacific] iter 155 | added=8 | Fri May 22 14:50:46 EDT 2026 ---
You've hit your session limit · resets 5pm (America/New_York)
[indo-pacific] → No clear result, continuing...

--- [indo-pacific] iter 156 | added=8 | Fri May 22 14:51:34 EDT 2026 ---
You've hit your session limit · resets 5pm (America/New_York)
[indo-pacific] → No clear result, continuing...

--- [indo-pacific] iter 157 | added=8 | Fri May 22 14:52:23 EDT 2026 ---
You've hit your session limit · resets 5pm (America/New_York)
[indo-pacific] → No clear result, continuing...

--- [indo-pacific] iter 158 | added=8 | Fri May 22 14:53:11 EDT 2026 ---
You've hit your session limit · resets 5pm (America/New_York)
[indo-pacific] → No clear result, continuing...

--- [indo-pacific] iter 159 | added=8 | Fri May 22 14:54:01 EDT 2026 ---
You've hit your session limit · resets 5pm (America/New_York)
[indo-pacific] → No clear result, continuing...

--- [indo-pacific] iter 160 | added=8 | Fri May 22 14:54:49 EDT 2026 ---
You've hit your session limit · resets 5pm (America/New_York)
[indo-pacific] → No clear result, continuing...

--- [indo-pacific] iter 161 | added=8 | Fri May 22 14:55:39 EDT 2026 ---
You've hit your session limit · resets 5pm (America/New_York)
[indo-pacific] → No clear result, continuing...

--- [indo-pacific] iter 162 | added=8 | Fri May 22 14:56:34 EDT 2026 ---
You've hit your session limit · resets 5pm (America/New_York)
[indo-pacific] → No clear result, continuing...

--- [indo-pacific] iter 163 | added=8 | Fri May 22 14:57:22 EDT 2026 ---
You've hit your session limit · resets 5pm (America/New_York)
[indo-pacific] → No clear result, continuing...

--- [indo-pacific] iter 164 | added=8 | Fri May 22 14:58:37 EDT 2026 ---
You've hit your session limit · resets 5pm (America/New_York)
[indo-pacific] → No clear result, continuing...

--- [indo-pacific] iter 165 | added=8 | Fri May 22 15:00:34 EDT 2026 ---
You've hit your session limit · resets 5pm (America/New_York)
[indo-pacific] → No clear result, continuing...

--- [indo-pacific] iter 166 | added=8 | Fri May 22 15:02:42 EDT 2026 ---
You've hit your session limit · resets 5pm (America/New_York)
[indo-pacific] → No clear result, continuing...

--- [indo-pacific] iter 167 | added=8 | Fri May 22 15:10:40 EDT 2026 ---
You've hit your session limit · resets 5pm (America/New_York)
[indo-pacific] → No clear result, continuing...

--- [indo-pacific] iter 168 | added=8 | Fri May 22 15:15:09 EDT 2026 ---
You've hit your session limit · resets 5pm (America/New_York)
[indo-pacific] → No clear result, continuing...

--- [indo-pacific] iter 169 | added=8 | Fri May 22 15:16:03 EDT 2026 ---
You've hit your session limit · resets 5pm (America/New_York)
[indo-pacific] → No clear result, continuing...

--- [indo-pacific] iter 170 | added=8 | Fri May 22 15:16:53 EDT 2026 ---
You've hit your session limit · resets 5pm (America/New_York)
[indo-pacific] → No clear result, continuing...

--- [indo-pacific] iter 171 | added=8 | Fri May 22 15:17:41 EDT 2026 ---
You've hit your session limit · resets 5pm (America/New_York)
[indo-pacific] → No clear result, continuing...

--- [indo-pacific] iter 172 | added=8 | Fri May 22 15:18:30 EDT 2026 ---
You've hit your session limit · resets 5pm (America/New_York)
[indo-pacific] → No clear result, continuing...

--- [indo-pacific] iter 173 | added=8 | Fri May 22 15:19:20 EDT 2026 ---
You've hit your session limit · resets 5pm (America/New_York)
[indo-pacific] → No clear result, continuing...

--- [indo-pacific] iter 174 | added=8 | Fri May 22 15:20:08 EDT 2026 ---
You've hit your session limit · resets 5pm (America/New_York)
[indo-pacific] → No clear result, continuing...

--- [indo-pacific] iter 175 | added=8 | Fri May 22 15:20:57 EDT 2026 ---
You've hit your session limit · resets 5pm (America/New_York)
[indo-pacific] → No clear result, continuing...

--- [indo-pacific] iter 176 | added=8 | Fri May 22 15:21:46 EDT 2026 ---
You've hit your session limit · resets 5pm (America/New_York)
[indo-pacific] → No clear result, continuing...
